CRITICAL - 2024-07-03 07:15:25 --> Invalid file: layout/v_header.php
in SYSTEMPATH\Exceptions\FrameworkException.php on line 33.
 1 SYSTEMPATH\View\View.php(201): CodeIgniter\Exceptions\FrameworkException::forInvalidFile('layout/v_header.php')
 2 SYSTEMPATH\Common.php(1142): CodeIgniter\View\View->render('layout/v_header', [], true)
 3 APPPATH\Controllers\pages.php(13): view('layout/v_header', [...])
 4 SYSTEMPATH\CodeIgniter.php(904): App\Controllers\pages->index()
 5 SYSTEMPATH\CodeIgniter.php(457): CodeIgniter\CodeIgniter->runController(Object(App\Controllers\pages))
 6 SYSTEMPATH\CodeIgniter.php(340): CodeIgniter\CodeIgniter->handleRequest(null, Object(Config\Cache), false)
 7 FCPATH\index.php(67): CodeIgniter\CodeIgniter->run()
 8 SYSTEMPATH\Commands\Server\rewrite.php(43): require_once('FCPATH\\index.php')
CRITICAL - 2024-07-03 07:15:29 --> Invalid file: layout/v_header.php
in SYSTEMPATH\Exceptions\FrameworkException.php on line 33.
 1 SYSTEMPATH\View\View.php(201): CodeIgniter\Exceptions\FrameworkException::forInvalidFile('layout/v_header.php')
 2 SYSTEMPATH\Common.php(1142): CodeIgniter\View\View->render('layout/v_header', [], true)
 3 APPPATH\Controllers\pages.php(27): view('layout/v_header', [...])
 4 SYSTEMPATH\CodeIgniter.php(904): App\Controllers\pages->about()
 5 SYSTEMPATH\CodeIgniter.php(457): CodeIgniter\CodeIgniter->runController(Object(App\Controllers\pages))
 6 SYSTEMPATH\CodeIgniter.php(340): CodeIgniter\CodeIgniter->handleRequest(null, Object(Config\Cache), false)
 7 FCPATH\index.php(67): CodeIgniter\CodeIgniter->run()
 8 SYSTEMPATH\Commands\Server\rewrite.php(43): require_once('FCPATH\\index.php')
CRITICAL - 2024-07-03 07:15:30 --> Invalid file: layout/v_header.php
in SYSTEMPATH\Exceptions\FrameworkException.php on line 33.
 1 SYSTEMPATH\View\View.php(201): CodeIgniter\Exceptions\FrameworkException::forInvalidFile('layout/v_header.php')
 2 SYSTEMPATH\Common.php(1142): CodeIgniter\View\View->render('layout/v_header', [], true)
 3 APPPATH\Controllers\pages.php(27): view('layout/v_header', [...])
 4 SYSTEMPATH\CodeIgniter.php(904): App\Controllers\pages->about()
 5 SYSTEMPATH\CodeIgniter.php(457): CodeIgniter\CodeIgniter->runController(Object(App\Controllers\pages))
 6 SYSTEMPATH\CodeIgniter.php(340): CodeIgniter\CodeIgniter->handleRequest(null, Object(Config\Cache), false)
 7 FCPATH\index.php(67): CodeIgniter\CodeIgniter->run()
 8 SYSTEMPATH\Commands\Server\rewrite.php(43): require_once('FCPATH\\index.php')
CRITICAL - 2024-07-03 07:15:32 --> Invalid file: layout/v_header.php
in SYSTEMPATH\Exceptions\FrameworkException.php on line 33.
 1 SYSTEMPATH\View\View.php(201): CodeIgniter\Exceptions\FrameworkException::forInvalidFile('layout/v_header.php')
 2 SYSTEMPATH\Common.php(1142): CodeIgniter\View\View->render('layout/v_header', [], true)
 3 APPPATH\Controllers\pages.php(27): view('layout/v_header', [...])
 4 SYSTEMPATH\CodeIgniter.php(904): App\Controllers\pages->about()
 5 SYSTEMPATH\CodeIgniter.php(457): CodeIgniter\CodeIgniter->runController(Object(App\Controllers\pages))
 6 SYSTEMPATH\CodeIgniter.php(340): CodeIgniter\CodeIgniter->handleRequest(null, Object(Config\Cache), false)
 7 FCPATH\index.php(67): CodeIgniter\CodeIgniter->run()
 8 SYSTEMPATH\Commands\Server\rewrite.php(43): require_once('FCPATH\\index.php')
CRITICAL - 2024-07-03 07:16:30 --> Invalid file: layout/v_header.php
in SYSTEMPATH\Exceptions\FrameworkException.php on line 33.
 1 SYSTEMPATH\View\View.php(201): CodeIgniter\Exceptions\FrameworkException::forInvalidFile('layout/v_header.php')
 2 SYSTEMPATH\Common.php(1142): CodeIgniter\View\View->render('layout/v_header', [], true)
 3 APPPATH\Controllers\pages.php(27): view('layout/v_header', [...])
 4 SYSTEMPATH\CodeIgniter.php(904): App\Controllers\pages->about()
 5 SYSTEMPATH\CodeIgniter.php(457): CodeIgniter\CodeIgniter->runController(Object(App\Controllers\pages))
 6 SYSTEMPATH\CodeIgniter.php(340): CodeIgniter\CodeIgniter->handleRequest(null, Object(Config\Cache), false)
 7 FCPATH\index.php(67): CodeIgniter\CodeIgniter->run()
 8 SYSTEMPATH\Commands\Server\rewrite.php(43): require_once('FCPATH\\index.php')
CRITICAL - 2024-07-03 07:16:31 --> Invalid file: layout/v_header.php
in SYSTEMPATH\Exceptions\FrameworkException.php on line 33.
 1 SYSTEMPATH\View\View.php(201): CodeIgniter\Exceptions\FrameworkException::forInvalidFile('layout/v_header.php')
 2 SYSTEMPATH\Common.php(1142): CodeIgniter\View\View->render('layout/v_header', [], true)
 3 APPPATH\Controllers\pages.php(27): view('layout/v_header', [...])
 4 SYSTEMPATH\CodeIgniter.php(904): App\Controllers\pages->about()
 5 SYSTEMPATH\CodeIgniter.php(457): CodeIgniter\CodeIgniter->runController(Object(App\Controllers\pages))
 6 SYSTEMPATH\CodeIgniter.php(340): CodeIgniter\CodeIgniter->handleRequest(null, Object(Config\Cache), false)
 7 FCPATH\index.php(67): CodeIgniter\CodeIgniter->run()
 8 SYSTEMPATH\Commands\Server\rewrite.php(43): require_once('FCPATH\\index.php')
CRITICAL - 2024-07-03 07:16:34 --> Invalid file: layout/v_header.php
in SYSTEMPATH\Exceptions\FrameworkException.php on line 33.
 1 SYSTEMPATH\View\View.php(201): CodeIgniter\Exceptions\FrameworkException::forInvalidFile('layout/v_header.php')
 2 SYSTEMPATH\Common.php(1142): CodeIgniter\View\View->render('layout/v_header', [], true)
 3 APPPATH\Controllers\pages.php(13): view('layout/v_header', [...])
 4 SYSTEMPATH\CodeIgniter.php(904): App\Controllers\pages->index()
 5 SYSTEMPATH\CodeIgniter.php(457): CodeIgniter\CodeIgniter->runController(Object(App\Controllers\pages))
 6 SYSTEMPATH\CodeIgniter.php(340): CodeIgniter\CodeIgniter->handleRequest(null, Object(Config\Cache), false)
 7 FCPATH\index.php(67): CodeIgniter\CodeIgniter->run()
 8 SYSTEMPATH\Commands\Server\rewrite.php(43): require_once('FCPATH\\index.php')
CRITICAL - 2024-07-03 07:17:05 --> Invalid file: layout/templete.php
in SYSTEMPATH\Exceptions\FrameworkException.php on line 33.
 1 SYSTEMPATH\View\View.php(201): CodeIgniter\Exceptions\FrameworkException::forInvalidFile('layout/templete.php')
 2 SYSTEMPATH\View\View.php(229): CodeIgniter\View\View->render('layout/templete', [], true)
 3 SYSTEMPATH\Common.php(1142): CodeIgniter\View\View->render('pages/v_pages', [], true)
 4 APPPATH\Controllers\pages.php(14): view('pages/v_pages')
 5 SYSTEMPATH\CodeIgniter.php(904): App\Controllers\pages->index()
 6 SYSTEMPATH\CodeIgniter.php(457): CodeIgniter\CodeIgniter->runController(Object(App\Controllers\pages))
 7 SYSTEMPATH\CodeIgniter.php(340): CodeIgniter\CodeIgniter->handleRequest(null, Object(Config\Cache), false)
 8 FCPATH\index.php(67): CodeIgniter\CodeIgniter->run()
 9 SYSTEMPATH\Commands\Server\rewrite.php(43): require_once('FCPATH\\index.php')
CRITICAL - 2024-07-03 07:17:05 --> Invalid file: layout/templete.php
in SYSTEMPATH\Exceptions\FrameworkException.php on line 33.
 1 SYSTEMPATH\View\View.php(201): CodeIgniter\Exceptions\FrameworkException::forInvalidFile('layout/templete.php')
 2 SYSTEMPATH\View\View.php(229): CodeIgniter\View\View->render('layout/templete', [], true)
 3 SYSTEMPATH\Common.php(1142): CodeIgniter\View\View->render('pages/v_pages', [], true)
 4 APPPATH\Controllers\pages.php(14): view('pages/v_pages')
 5 SYSTEMPATH\CodeIgniter.php(904): App\Controllers\pages->index()
 6 SYSTEMPATH\CodeIgniter.php(457): CodeIgniter\CodeIgniter->runController(Object(App\Controllers\pages))
 7 SYSTEMPATH\CodeIgniter.php(340): CodeIgniter\CodeIgniter->handleRequest(null, Object(Config\Cache), false)
 8 FCPATH\index.php(67): CodeIgniter\CodeIgniter->run()
 9 SYSTEMPATH\Commands\Server\rewrite.php(43): require_once('FCPATH\\index.php')
CRITICAL - 2024-07-03 07:17:05 --> Invalid file: layout/templete.php
in SYSTEMPATH\Exceptions\FrameworkException.php on line 33.
 1 SYSTEMPATH\View\View.php(201): CodeIgniter\Exceptions\FrameworkException::forInvalidFile('layout/templete.php')
 2 SYSTEMPATH\View\View.php(229): CodeIgniter\View\View->render('layout/templete', [], true)
 3 SYSTEMPATH\Common.php(1142): CodeIgniter\View\View->render('pages/v_pages', [], true)
 4 APPPATH\Controllers\pages.php(14): view('pages/v_pages')
 5 SYSTEMPATH\CodeIgniter.php(904): App\Controllers\pages->index()
 6 SYSTEMPATH\CodeIgniter.php(457): CodeIgniter\CodeIgniter->runController(Object(App\Controllers\pages))
 7 SYSTEMPATH\CodeIgniter.php(340): CodeIgniter\CodeIgniter->handleRequest(null, Object(Config\Cache), false)
 8 FCPATH\index.php(67): CodeIgniter\CodeIgniter->run()
 9 SYSTEMPATH\Commands\Server\rewrite.php(43): require_once('FCPATH\\index.php')
CRITICAL - 2024-07-03 07:17:06 --> Invalid file: layout/templete.php
in SYSTEMPATH\Exceptions\FrameworkException.php on line 33.
 1 SYSTEMPATH\View\View.php(201): CodeIgniter\Exceptions\FrameworkException::forInvalidFile('layout/templete.php')
 2 SYSTEMPATH\View\View.php(229): CodeIgniter\View\View->render('layout/templete', [], true)
 3 SYSTEMPATH\Common.php(1142): CodeIgniter\View\View->render('pages/v_pages', [], true)
 4 APPPATH\Controllers\pages.php(14): view('pages/v_pages')
 5 SYSTEMPATH\CodeIgniter.php(904): App\Controllers\pages->index()
 6 SYSTEMPATH\CodeIgniter.php(457): CodeIgniter\CodeIgniter->runController(Object(App\Controllers\pages))
 7 SYSTEMPATH\CodeIgniter.php(340): CodeIgniter\CodeIgniter->handleRequest(null, Object(Config\Cache), false)
 8 FCPATH\index.php(67): CodeIgniter\CodeIgniter->run()
 9 SYSTEMPATH\Commands\Server\rewrite.php(43): require_once('FCPATH\\index.php')
CRITICAL - 2024-07-03 07:17:06 --> Invalid file: layout/templete.php
in SYSTEMPATH\Exceptions\FrameworkException.php on line 33.
 1 SYSTEMPATH\View\View.php(201): CodeIgniter\Exceptions\FrameworkException::forInvalidFile('layout/templete.php')
 2 SYSTEMPATH\View\View.php(229): CodeIgniter\View\View->render('layout/templete', [], true)
 3 SYSTEMPATH\Common.php(1142): CodeIgniter\View\View->render('pages/v_pages', [], true)
 4 APPPATH\Controllers\pages.php(14): view('pages/v_pages')
 5 SYSTEMPATH\CodeIgniter.php(904): App\Controllers\pages->index()
 6 SYSTEMPATH\CodeIgniter.php(457): CodeIgniter\CodeIgniter->runController(Object(App\Controllers\pages))
 7 SYSTEMPATH\CodeIgniter.php(340): CodeIgniter\CodeIgniter->handleRequest(null, Object(Config\Cache), false)
 8 FCPATH\index.php(67): CodeIgniter\CodeIgniter->run()
 9 SYSTEMPATH\Commands\Server\rewrite.php(43): require_once('FCPATH\\index.php')
CRITICAL - 2024-07-03 07:17:41 --> Invalid file: layout/v_header.php
in SYSTEMPATH\Exceptions\FrameworkException.php on line 33.
 1 SYSTEMPATH\View\View.php(201): CodeIgniter\Exceptions\FrameworkException::forInvalidFile('layout/v_header.php')
 2 SYSTEMPATH\Common.php(1142): CodeIgniter\View\View->render('layout/v_header', [], true)
 3 APPPATH\Controllers\pages.php(27): view('layout/v_header', [...])
 4 SYSTEMPATH\CodeIgniter.php(904): App\Controllers\pages->about()
 5 SYSTEMPATH\CodeIgniter.php(457): CodeIgniter\CodeIgniter->runController(Object(App\Controllers\pages))
 6 SYSTEMPATH\CodeIgniter.php(340): CodeIgniter\CodeIgniter->handleRequest(null, Object(Config\Cache), false)
 7 FCPATH\index.php(67): CodeIgniter\CodeIgniter->run()
 8 SYSTEMPATH\Commands\Server\rewrite.php(43): require_once('FCPATH\\index.php')
CRITICAL - 2024-07-03 07:17:42 --> Invalid file: layout/v_header.php
in SYSTEMPATH\Exceptions\FrameworkException.php on line 33.
 1 SYSTEMPATH\View\View.php(201): CodeIgniter\Exceptions\FrameworkException::forInvalidFile('layout/v_header.php')
 2 SYSTEMPATH\Common.php(1142): CodeIgniter\View\View->render('layout/v_header', [], true)
 3 APPPATH\Controllers\pages.php(27): view('layout/v_header', [...])
 4 SYSTEMPATH\CodeIgniter.php(904): App\Controllers\pages->about()
 5 SYSTEMPATH\CodeIgniter.php(457): CodeIgniter\CodeIgniter->runController(Object(App\Controllers\pages))
 6 SYSTEMPATH\CodeIgniter.php(340): CodeIgniter\CodeIgniter->handleRequest(null, Object(Config\Cache), false)
 7 FCPATH\index.php(67): CodeIgniter\CodeIgniter->run()
 8 SYSTEMPATH\Commands\Server\rewrite.php(43): require_once('FCPATH\\index.php')
CRITICAL - 2024-07-03 07:17:43 --> Invalid file: layout/v_header.php
in SYSTEMPATH\Exceptions\FrameworkException.php on line 33.
 1 SYSTEMPATH\View\View.php(201): CodeIgniter\Exceptions\FrameworkException::forInvalidFile('layout/v_header.php')
 2 SYSTEMPATH\Common.php(1142): CodeIgniter\View\View->render('layout/v_header', [], true)
 3 APPPATH\Controllers\pages.php(27): view('layout/v_header', [...])
 4 SYSTEMPATH\CodeIgniter.php(904): App\Controllers\pages->about()
 5 SYSTEMPATH\CodeIgniter.php(457): CodeIgniter\CodeIgniter->runController(Object(App\Controllers\pages))
 6 SYSTEMPATH\CodeIgniter.php(340): CodeIgniter\CodeIgniter->handleRequest(null, Object(Config\Cache), false)
 7 FCPATH\index.php(67): CodeIgniter\CodeIgniter->run()
 8 SYSTEMPATH\Commands\Server\rewrite.php(43): require_once('FCPATH\\index.php')
CRITICAL - 2024-07-03 07:18:56 --> Invalid file: layout/v_header.php
in SYSTEMPATH\Exceptions\FrameworkException.php on line 33.
 1 SYSTEMPATH\View\View.php(201): CodeIgniter\Exceptions\FrameworkException::forInvalidFile('layout/v_header.php')
 2 SYSTEMPATH\Common.php(1142): CodeIgniter\View\View->render('layout/v_header', [], true)
 3 APPPATH\Controllers\pages.php(27): view('layout/v_header', [...])
 4 SYSTEMPATH\CodeIgniter.php(904): App\Controllers\pages->about()
 5 SYSTEMPATH\CodeIgniter.php(457): CodeIgniter\CodeIgniter->runController(Object(App\Controllers\pages))
 6 SYSTEMPATH\CodeIgniter.php(340): CodeIgniter\CodeIgniter->handleRequest(null, Object(Config\Cache), false)
 7 FCPATH\index.php(67): CodeIgniter\CodeIgniter->run()
 8 SYSTEMPATH\Commands\Server\rewrite.php(43): require_once('FCPATH\\index.php')
CRITICAL - 2024-07-03 07:24:40 --> Invalid file: pages/v_contact.php
in SYSTEMPATH\Exceptions\FrameworkException.php on line 33.
 1 SYSTEMPATH\View\View.php(201): CodeIgniter\Exceptions\FrameworkException::forInvalidFile('pages/v_contact.php')
 2 SYSTEMPATH\Common.php(1142): CodeIgniter\View\View->render('pages/v_contact', [], true)
 3 APPPATH\Controllers\pages.php(40): view('pages/v_contact')
 4 SYSTEMPATH\CodeIgniter.php(904): App\Controllers\pages->contact()
 5 SYSTEMPATH\CodeIgniter.php(457): CodeIgniter\CodeIgniter->runController(Object(App\Controllers\pages))
 6 SYSTEMPATH\CodeIgniter.php(340): CodeIgniter\CodeIgniter->handleRequest(null, Object(Config\Cache), false)
 7 FCPATH\index.php(67): CodeIgniter\CodeIgniter->run()
 8 SYSTEMPATH\Commands\Server\rewrite.php(43): require_once('FCPATH\\index.php')
CRITICAL - 2024-07-03 07:39:06 --> syntax error, unexpected end of file
in APPPATH\Views\pages\v_contact.php on line 22.
 1 SYSTEMPATH\View\View.php(216): CodeIgniter\View\View->CodeIgniter\View\{closure}()
 2 SYSTEMPATH\Common.php(1142): CodeIgniter\View\View->render('pages/v_contact', [], true)
 3 APPPATH\Controllers\pages.php(52): view('pages/v_contact', [...])
 4 SYSTEMPATH\CodeIgniter.php(904): App\Controllers\pages->contact()
 5 SYSTEMPATH\CodeIgniter.php(457): CodeIgniter\CodeIgniter->runController(Object(App\Controllers\pages))
 6 SYSTEMPATH\CodeIgniter.php(340): CodeIgniter\CodeIgniter->handleRequest(null, Object(Config\Cache), false)
 7 FCPATH\index.php(67): CodeIgniter\CodeIgniter->run()
 8 SYSTEMPATH\Commands\Server\rewrite.php(43): require_once('FCPATH\\index.php')
CRITICAL - 2024-07-03 07:39:07 --> syntax error, unexpected end of file
in APPPATH\Views\pages\v_contact.php on line 22.
 1 SYSTEMPATH\View\View.php(216): CodeIgniter\View\View->CodeIgniter\View\{closure}()
 2 SYSTEMPATH\Common.php(1142): CodeIgniter\View\View->render('pages/v_contact', [], true)
 3 APPPATH\Controllers\pages.php(52): view('pages/v_contact', [...])
 4 SYSTEMPATH\CodeIgniter.php(904): App\Controllers\pages->contact()
 5 SYSTEMPATH\CodeIgniter.php(457): CodeIgniter\CodeIgniter->runController(Object(App\Controllers\pages))
 6 SYSTEMPATH\CodeIgniter.php(340): CodeIgniter\CodeIgniter->handleRequest(null, Object(Config\Cache), false)
 7 FCPATH\index.php(67): CodeIgniter\CodeIgniter->run()
 8 SYSTEMPATH\Commands\Server\rewrite.php(43): require_once('FCPATH\\index.php')
CRITICAL - 2024-07-03 07:39:07 --> syntax error, unexpected end of file
in APPPATH\Views\pages\v_contact.php on line 22.
 1 SYSTEMPATH\View\View.php(216): CodeIgniter\View\View->CodeIgniter\View\{closure}()
 2 SYSTEMPATH\Common.php(1142): CodeIgniter\View\View->render('pages/v_contact', [], true)
 3 APPPATH\Controllers\pages.php(52): view('pages/v_contact', [...])
 4 SYSTEMPATH\CodeIgniter.php(904): App\Controllers\pages->contact()
 5 SYSTEMPATH\CodeIgniter.php(457): CodeIgniter\CodeIgniter->runController(Object(App\Controllers\pages))
 6 SYSTEMPATH\CodeIgniter.php(340): CodeIgniter\CodeIgniter->handleRequest(null, Object(Config\Cache), false)
 7 FCPATH\index.php(67): CodeIgniter\CodeIgniter->run()
 8 SYSTEMPATH\Commands\Server\rewrite.php(43): require_once('FCPATH\\index.php')
CRITICAL - 2024-07-03 07:39:08 --> syntax error, unexpected end of file
in APPPATH\Views\pages\v_contact.php on line 22.
 1 SYSTEMPATH\View\View.php(216): CodeIgniter\View\View->CodeIgniter\View\{closure}()
 2 SYSTEMPATH\Common.php(1142): CodeIgniter\View\View->render('pages/v_contact', [], true)
 3 APPPATH\Controllers\pages.php(52): view('pages/v_contact', [...])
 4 SYSTEMPATH\CodeIgniter.php(904): App\Controllers\pages->contact()
 5 SYSTEMPATH\CodeIgniter.php(457): CodeIgniter\CodeIgniter->runController(Object(App\Controllers\pages))
 6 SYSTEMPATH\CodeIgniter.php(340): CodeIgniter\CodeIgniter->handleRequest(null, Object(Config\Cache), false)
 7 FCPATH\index.php(67): CodeIgniter\CodeIgniter->run()
 8 SYSTEMPATH\Commands\Server\rewrite.php(43): require_once('FCPATH\\index.php')
CRITICAL - 2024-07-03 07:39:08 --> syntax error, unexpected end of file
in APPPATH\Views\pages\v_contact.php on line 22.
 1 SYSTEMPATH\View\View.php(216): CodeIgniter\View\View->CodeIgniter\View\{closure}()
 2 SYSTEMPATH\Common.php(1142): CodeIgniter\View\View->render('pages/v_contact', [], true)
 3 APPPATH\Controllers\pages.php(52): view('pages/v_contact', [...])
 4 SYSTEMPATH\CodeIgniter.php(904): App\Controllers\pages->contact()
 5 SYSTEMPATH\CodeIgniter.php(457): CodeIgniter\CodeIgniter->runController(Object(App\Controllers\pages))
 6 SYSTEMPATH\CodeIgniter.php(340): CodeIgniter\CodeIgniter->handleRequest(null, Object(Config\Cache), false)
 7 FCPATH\index.php(67): CodeIgniter\CodeIgniter->run()
 8 SYSTEMPATH\Commands\Server\rewrite.php(43): require_once('FCPATH\\index.php')
CRITICAL - 2024-07-03 07:39:08 --> syntax error, unexpected end of file
in APPPATH\Views\pages\v_contact.php on line 22.
 1 SYSTEMPATH\View\View.php(216): CodeIgniter\View\View->CodeIgniter\View\{closure}()
 2 SYSTEMPATH\Common.php(1142): CodeIgniter\View\View->render('pages/v_contact', [], true)
 3 APPPATH\Controllers\pages.php(52): view('pages/v_contact', [...])
 4 SYSTEMPATH\CodeIgniter.php(904): App\Controllers\pages->contact()
 5 SYSTEMPATH\CodeIgniter.php(457): CodeIgniter\CodeIgniter->runController(Object(App\Controllers\pages))
 6 SYSTEMPATH\CodeIgniter.php(340): CodeIgniter\CodeIgniter->handleRequest(null, Object(Config\Cache), false)
 7 FCPATH\index.php(67): CodeIgniter\CodeIgniter->run()
 8 SYSTEMPATH\Commands\Server\rewrite.php(43): require_once('FCPATH\\index.php')
CRITICAL - 2024-07-03 07:39:08 --> syntax error, unexpected end of file
in APPPATH\Views\pages\v_contact.php on line 22.
 1 SYSTEMPATH\View\View.php(216): CodeIgniter\View\View->CodeIgniter\View\{closure}()
 2 SYSTEMPATH\Common.php(1142): CodeIgniter\View\View->render('pages/v_contact', [], true)
 3 APPPATH\Controllers\pages.php(52): view('pages/v_contact', [...])
 4 SYSTEMPATH\CodeIgniter.php(904): App\Controllers\pages->contact()
 5 SYSTEMPATH\CodeIgniter.php(457): CodeIgniter\CodeIgniter->runController(Object(App\Controllers\pages))
 6 SYSTEMPATH\CodeIgniter.php(340): CodeIgniter\CodeIgniter->handleRequest(null, Object(Config\Cache), false)
 7 FCPATH\index.php(67): CodeIgniter\CodeIgniter->run()
 8 SYSTEMPATH\Commands\Server\rewrite.php(43): require_once('FCPATH\\index.php')
CRITICAL - 2024-07-03 07:40:31 --> Illegal string offset 'tipe'
in APPPATH\Views\pages\v_contact.php on line 13.
 1 APPPATH\Views\pages\v_contact.php(13): CodeIgniter\Debug\Exceptions->errorHandler(2, 'Illegal string offset \'tipe\'', 'APPPATH\\Views\\pages\\v_contact.php', 13, [...])
 2 SYSTEMPATH\View\View.php(213): include('APPPATH\\Views\\pages\\v_contact.php')
 3 SYSTEMPATH\View\View.php(216): CodeIgniter\View\View->CodeIgniter\View\{closure}()
 4 SYSTEMPATH\Common.php(1142): CodeIgniter\View\View->render('pages/v_contact', [], true)
 5 APPPATH\Controllers\pages.php(52): view('pages/v_contact', [...])
 6 SYSTEMPATH\CodeIgniter.php(904): App\Controllers\pages->contact()
 7 SYSTEMPATH\CodeIgniter.php(457): CodeIgniter\CodeIgniter->runController(Object(App\Controllers\pages))
 8 SYSTEMPATH\CodeIgniter.php(340): CodeIgniter\CodeIgniter->handleRequest(null, Object(Config\Cache), false)
 9 FCPATH\index.php(67): CodeIgniter\CodeIgniter->run()
10 SYSTEMPATH\Commands\Server\rewrite.php(43): require_once('FCPATH\\index.php')
CRITICAL - 2024-07-03 07:40:32 --> Illegal string offset 'tipe'
in APPPATH\Views\pages\v_contact.php on line 13.
 1 APPPATH\Views\pages\v_contact.php(13): CodeIgniter\Debug\Exceptions->errorHandler(2, 'Illegal string offset \'tipe\'', 'APPPATH\\Views\\pages\\v_contact.php', 13, [...])
 2 SYSTEMPATH\View\View.php(213): include('APPPATH\\Views\\pages\\v_contact.php')
 3 SYSTEMPATH\View\View.php(216): CodeIgniter\View\View->CodeIgniter\View\{closure}()
 4 SYSTEMPATH\Common.php(1142): CodeIgniter\View\View->render('pages/v_contact', [], true)
 5 APPPATH\Controllers\pages.php(52): view('pages/v_contact', [...])
 6 SYSTEMPATH\CodeIgniter.php(904): App\Controllers\pages->contact()
 7 SYSTEMPATH\CodeIgniter.php(457): CodeIgniter\CodeIgniter->runController(Object(App\Controllers\pages))
 8 SYSTEMPATH\CodeIgniter.php(340): CodeIgniter\CodeIgniter->handleRequest(null, Object(Config\Cache), false)
 9 FCPATH\index.php(67): CodeIgniter\CodeIgniter->run()
10 SYSTEMPATH\Commands\Server\rewrite.php(43): require_once('FCPATH\\index.php')
CRITICAL - 2024-07-03 07:40:32 --> Illegal string offset 'tipe'
in APPPATH\Views\pages\v_contact.php on line 13.
 1 APPPATH\Views\pages\v_contact.php(13): CodeIgniter\Debug\Exceptions->errorHandler(2, 'Illegal string offset \'tipe\'', 'APPPATH\\Views\\pages\\v_contact.php', 13, [...])
 2 SYSTEMPATH\View\View.php(213): include('APPPATH\\Views\\pages\\v_contact.php')
 3 SYSTEMPATH\View\View.php(216): CodeIgniter\View\View->CodeIgniter\View\{closure}()
 4 SYSTEMPATH\Common.php(1142): CodeIgniter\View\View->render('pages/v_contact', [], true)
 5 APPPATH\Controllers\pages.php(52): view('pages/v_contact', [...])
 6 SYSTEMPATH\CodeIgniter.php(904): App\Controllers\pages->contact()
 7 SYSTEMPATH\CodeIgniter.php(457): CodeIgniter\CodeIgniter->runController(Object(App\Controllers\pages))
 8 SYSTEMPATH\CodeIgniter.php(340): CodeIgniter\CodeIgniter->handleRequest(null, Object(Config\Cache), false)
 9 FCPATH\index.php(67): CodeIgniter\CodeIgniter->run()
10 SYSTEMPATH\Commands\Server\rewrite.php(43): require_once('FCPATH\\index.php')
CRITICAL - 2024-07-03 07:40:32 --> Illegal string offset 'tipe'
in APPPATH\Views\pages\v_contact.php on line 13.
 1 APPPATH\Views\pages\v_contact.php(13): CodeIgniter\Debug\Exceptions->errorHandler(2, 'Illegal string offset \'tipe\'', 'APPPATH\\Views\\pages\\v_contact.php', 13, [...])
 2 SYSTEMPATH\View\View.php(213): include('APPPATH\\Views\\pages\\v_contact.php')
 3 SYSTEMPATH\View\View.php(216): CodeIgniter\View\View->CodeIgniter\View\{closure}()
 4 SYSTEMPATH\Common.php(1142): CodeIgniter\View\View->render('pages/v_contact', [], true)
 5 APPPATH\Controllers\pages.php(52): view('pages/v_contact', [...])
 6 SYSTEMPATH\CodeIgniter.php(904): App\Controllers\pages->contact()
 7 SYSTEMPATH\CodeIgniter.php(457): CodeIgniter\CodeIgniter->runController(Object(App\Controllers\pages))
 8 SYSTEMPATH\CodeIgniter.php(340): CodeIgniter\CodeIgniter->handleRequest(null, Object(Config\Cache), false)
 9 FCPATH\index.php(67): CodeIgniter\CodeIgniter->run()
10 SYSTEMPATH\Commands\Server\rewrite.php(43): require_once('FCPATH\\index.php')
CRITICAL - 2024-07-03 07:40:32 --> Illegal string offset 'tipe'
in APPPATH\Views\pages\v_contact.php on line 13.
 1 APPPATH\Views\pages\v_contact.php(13): CodeIgniter\Debug\Exceptions->errorHandler(2, 'Illegal string offset \'tipe\'', 'APPPATH\\Views\\pages\\v_contact.php', 13, [...])
 2 SYSTEMPATH\View\View.php(213): include('APPPATH\\Views\\pages\\v_contact.php')
 3 SYSTEMPATH\View\View.php(216): CodeIgniter\View\View->CodeIgniter\View\{closure}()
 4 SYSTEMPATH\Common.php(1142): CodeIgniter\View\View->render('pages/v_contact', [], true)
 5 APPPATH\Controllers\pages.php(52): view('pages/v_contact', [...])
 6 SYSTEMPATH\CodeIgniter.php(904): App\Controllers\pages->contact()
 7 SYSTEMPATH\CodeIgniter.php(457): CodeIgniter\CodeIgniter->runController(Object(App\Controllers\pages))
 8 SYSTEMPATH\CodeIgniter.php(340): CodeIgniter\CodeIgniter->handleRequest(null, Object(Config\Cache), false)
 9 FCPATH\index.php(67): CodeIgniter\CodeIgniter->run()
10 SYSTEMPATH\Commands\Server\rewrite.php(43): require_once('FCPATH\\index.php')
CRITICAL - 2024-07-03 07:40:33 --> Illegal string offset 'tipe'
in APPPATH\Views\pages\v_contact.php on line 13.
 1 APPPATH\Views\pages\v_contact.php(13): CodeIgniter\Debug\Exceptions->errorHandler(2, 'Illegal string offset \'tipe\'', 'APPPATH\\Views\\pages\\v_contact.php', 13, [...])
 2 SYSTEMPATH\View\View.php(213): include('APPPATH\\Views\\pages\\v_contact.php')
 3 SYSTEMPATH\View\View.php(216): CodeIgniter\View\View->CodeIgniter\View\{closure}()
 4 SYSTEMPATH\Common.php(1142): CodeIgniter\View\View->render('pages/v_contact', [], true)
 5 APPPATH\Controllers\pages.php(52): view('pages/v_contact', [...])
 6 SYSTEMPATH\CodeIgniter.php(904): App\Controllers\pages->contact()
 7 SYSTEMPATH\CodeIgniter.php(457): CodeIgniter\CodeIgniter->runController(Object(App\Controllers\pages))
 8 SYSTEMPATH\CodeIgniter.php(340): CodeIgniter\CodeIgniter->handleRequest(null, Object(Config\Cache), false)
 9 FCPATH\index.php(67): CodeIgniter\CodeIgniter->run()
10 SYSTEMPATH\Commands\Server\rewrite.php(43): require_once('FCPATH\\index.php')
CRITICAL - 2024-07-03 07:41:30 --> Illegal string offset 'tipe'
in APPPATH\Views\pages\v_contact.php on line 13.
 1 APPPATH\Views\pages\v_contact.php(13): CodeIgniter\Debug\Exceptions->errorHandler(2, 'Illegal string offset \'tipe\'', 'APPPATH\\Views\\pages\\v_contact.php', 13, [...])
 2 SYSTEMPATH\View\View.php(213): include('APPPATH\\Views\\pages\\v_contact.php')
 3 SYSTEMPATH\View\View.php(216): CodeIgniter\View\View->CodeIgniter\View\{closure}()
 4 SYSTEMPATH\Common.php(1142): CodeIgniter\View\View->render('pages/v_contact', [], true)
 5 APPPATH\Controllers\pages.php(52): view('pages/v_contact', [...])
 6 SYSTEMPATH\CodeIgniter.php(904): App\Controllers\pages->contact()
 7 SYSTEMPATH\CodeIgniter.php(457): CodeIgniter\CodeIgniter->runController(Object(App\Controllers\pages))
 8 SYSTEMPATH\CodeIgniter.php(340): CodeIgniter\CodeIgniter->handleRequest(null, Object(Config\Cache), false)
 9 FCPATH\index.php(67): CodeIgniter\CodeIgniter->run()
10 SYSTEMPATH\Commands\Server\rewrite.php(43): require_once('FCPATH\\index.php')
CRITICAL - 2024-07-03 07:41:58 --> Illegal string offset 'tipe'
in APPPATH\Views\pages\v_contact.php on line 13.
 1 APPPATH\Views\pages\v_contact.php(13): CodeIgniter\Debug\Exceptions->errorHandler(2, 'Illegal string offset \'tipe\'', 'APPPATH\\Views\\pages\\v_contact.php', 13, [...])
 2 SYSTEMPATH\View\View.php(213): include('APPPATH\\Views\\pages\\v_contact.php')
 3 SYSTEMPATH\View\View.php(216): CodeIgniter\View\View->CodeIgniter\View\{closure}()
 4 SYSTEMPATH\Common.php(1142): CodeIgniter\View\View->render('pages/v_contact', [], true)
 5 APPPATH\Controllers\pages.php(52): view('pages/v_contact', [...])
 6 SYSTEMPATH\CodeIgniter.php(904): App\Controllers\pages->contact()
 7 SYSTEMPATH\CodeIgniter.php(457): CodeIgniter\CodeIgniter->runController(Object(App\Controllers\pages))
 8 SYSTEMPATH\CodeIgniter.php(340): CodeIgniter\CodeIgniter->handleRequest(null, Object(Config\Cache), false)
 9 FCPATH\index.php(67): CodeIgniter\CodeIgniter->run()
10 SYSTEMPATH\Commands\Server\rewrite.php(43): require_once('FCPATH\\index.php')
CRITICAL - 2024-07-03 07:42:06 --> Illegal string offset 'tipe'
in APPPATH\Views\pages\v_contact.php on line 13.
 1 APPPATH\Views\pages\v_contact.php(13): CodeIgniter\Debug\Exceptions->errorHandler(2, 'Illegal string offset \'tipe\'', 'APPPATH\\Views\\pages\\v_contact.php', 13, [...])
 2 SYSTEMPATH\View\View.php(213): include('APPPATH\\Views\\pages\\v_contact.php')
 3 SYSTEMPATH\View\View.php(216): CodeIgniter\View\View->CodeIgniter\View\{closure}()
 4 SYSTEMPATH\Common.php(1142): CodeIgniter\View\View->render('pages/v_contact', [], true)
 5 APPPATH\Controllers\pages.php(52): view('pages/v_contact', [...])
 6 SYSTEMPATH\CodeIgniter.php(904): App\Controllers\pages->contact()
 7 SYSTEMPATH\CodeIgniter.php(457): CodeIgniter\CodeIgniter->runController(Object(App\Controllers\pages))
 8 SYSTEMPATH\CodeIgniter.php(340): CodeIgniter\CodeIgniter->handleRequest(null, Object(Config\Cache), false)
 9 FCPATH\index.php(67): CodeIgniter\CodeIgniter->run()
10 SYSTEMPATH\Commands\Server\rewrite.php(43): require_once('FCPATH\\index.php')
CRITICAL - 2024-07-03 07:43:38 --> Illegal string offset 'tipe'
in APPPATH\Views\pages\v_contact.php on line 13.
 1 APPPATH\Views\pages\v_contact.php(13): CodeIgniter\Debug\Exceptions->errorHandler(2, 'Illegal string offset \'tipe\'', 'APPPATH\\Views\\pages\\v_contact.php', 13, [...])
 2 SYSTEMPATH\View\View.php(213): include('APPPATH\\Views\\pages\\v_contact.php')
 3 SYSTEMPATH\View\View.php(216): CodeIgniter\View\View->CodeIgniter\View\{closure}()
 4 SYSTEMPATH\Common.php(1142): CodeIgniter\View\View->render('pages/v_contact', [], true)
 5 APPPATH\Controllers\pages.php(52): view('pages/v_contact', [...])
 6 SYSTEMPATH\CodeIgniter.php(904): App\Controllers\pages->contact()
 7 SYSTEMPATH\CodeIgniter.php(457): CodeIgniter\CodeIgniter->runController(Object(App\Controllers\pages))
 8 SYSTEMPATH\CodeIgniter.php(340): CodeIgniter\CodeIgniter->handleRequest(null, Object(Config\Cache), false)
 9 FCPATH\index.php(67): CodeIgniter\CodeIgniter->run()
10 SYSTEMPATH\Commands\Server\rewrite.php(43): require_once('FCPATH\\index.php')
CRITICAL - 2024-07-03 07:43:39 --> Illegal string offset 'tipe'
in APPPATH\Views\pages\v_contact.php on line 13.
 1 APPPATH\Views\pages\v_contact.php(13): CodeIgniter\Debug\Exceptions->errorHandler(2, 'Illegal string offset \'tipe\'', 'APPPATH\\Views\\pages\\v_contact.php', 13, [...])
 2 SYSTEMPATH\View\View.php(213): include('APPPATH\\Views\\pages\\v_contact.php')
 3 SYSTEMPATH\View\View.php(216): CodeIgniter\View\View->CodeIgniter\View\{closure}()
 4 SYSTEMPATH\Common.php(1142): CodeIgniter\View\View->render('pages/v_contact', [], true)
 5 APPPATH\Controllers\pages.php(52): view('pages/v_contact', [...])
 6 SYSTEMPATH\CodeIgniter.php(904): App\Controllers\pages->contact()
 7 SYSTEMPATH\CodeIgniter.php(457): CodeIgniter\CodeIgniter->runController(Object(App\Controllers\pages))
 8 SYSTEMPATH\CodeIgniter.php(340): CodeIgniter\CodeIgniter->handleRequest(null, Object(Config\Cache), false)
 9 FCPATH\index.php(67): CodeIgniter\CodeIgniter->run()
10 SYSTEMPATH\Commands\Server\rewrite.php(43): require_once('FCPATH\\index.php')
CRITICAL - 2024-07-03 07:43:39 --> Illegal string offset 'tipe'
in APPPATH\Views\pages\v_contact.php on line 13.
 1 APPPATH\Views\pages\v_contact.php(13): CodeIgniter\Debug\Exceptions->errorHandler(2, 'Illegal string offset \'tipe\'', 'APPPATH\\Views\\pages\\v_contact.php', 13, [...])
 2 SYSTEMPATH\View\View.php(213): include('APPPATH\\Views\\pages\\v_contact.php')
 3 SYSTEMPATH\View\View.php(216): CodeIgniter\View\View->CodeIgniter\View\{closure}()
 4 SYSTEMPATH\Common.php(1142): CodeIgniter\View\View->render('pages/v_contact', [], true)
 5 APPPATH\Controllers\pages.php(52): view('pages/v_contact', [...])
 6 SYSTEMPATH\CodeIgniter.php(904): App\Controllers\pages->contact()
 7 SYSTEMPATH\CodeIgniter.php(457): CodeIgniter\CodeIgniter->runController(Object(App\Controllers\pages))
 8 SYSTEMPATH\CodeIgniter.php(340): CodeIgniter\CodeIgniter->handleRequest(null, Object(Config\Cache), false)
 9 FCPATH\index.php(67): CodeIgniter\CodeIgniter->run()
10 SYSTEMPATH\Commands\Server\rewrite.php(43): require_once('FCPATH\\index.php')
CRITICAL - 2024-07-03 07:44:57 --> Illegal string offset 'tipe'
in APPPATH\Views\pages\v_contact.php on line 13.
 1 APPPATH\Views\pages\v_contact.php(13): CodeIgniter\Debug\Exceptions->errorHandler(2, 'Illegal string offset \'tipe\'', 'APPPATH\\Views\\pages\\v_contact.php', 13, [...])
 2 SYSTEMPATH\View\View.php(213): include('APPPATH\\Views\\pages\\v_contact.php')
 3 SYSTEMPATH\View\View.php(216): CodeIgniter\View\View->CodeIgniter\View\{closure}()
 4 SYSTEMPATH\Common.php(1142): CodeIgniter\View\View->render('pages/v_contact', [], true)
 5 APPPATH\Controllers\pages.php(52): view('pages/v_contact', [...])
 6 SYSTEMPATH\CodeIgniter.php(904): App\Controllers\pages->contact()
 7 SYSTEMPATH\CodeIgniter.php(457): CodeIgniter\CodeIgniter->runController(Object(App\Controllers\pages))
 8 SYSTEMPATH\CodeIgniter.php(340): CodeIgniter\CodeIgniter->handleRequest(null, Object(Config\Cache), false)
 9 FCPATH\index.php(67): CodeIgniter\CodeIgniter->run()
10 SYSTEMPATH\Commands\Server\rewrite.php(43): require_once('FCPATH\\index.php')
CRITICAL - 2024-07-03 07:47:13 --> syntax error, unexpected end of file
in APPPATH\Views\pages\v_contact.php on line 22.
 1 SYSTEMPATH\View\View.php(216): CodeIgniter\View\View->CodeIgniter\View\{closure}()
 2 SYSTEMPATH\Common.php(1142): CodeIgniter\View\View->render('pages/v_contact', [], true)
 3 APPPATH\Controllers\pages.php(52): view('pages/v_contact', [...])
 4 SYSTEMPATH\CodeIgniter.php(904): App\Controllers\pages->contact()
 5 SYSTEMPATH\CodeIgniter.php(457): CodeIgniter\CodeIgniter->runController(Object(App\Controllers\pages))
 6 SYSTEMPATH\CodeIgniter.php(340): CodeIgniter\CodeIgniter->handleRequest(null, Object(Config\Cache), false)
 7 FCPATH\index.php(67): CodeIgniter\CodeIgniter->run()
 8 SYSTEMPATH\Commands\Server\rewrite.php(43): require_once('FCPATH\\index.php')
CRITICAL - 2024-07-03 07:47:14 --> syntax error, unexpected end of file
in APPPATH\Views\pages\v_contact.php on line 22.
 1 SYSTEMPATH\View\View.php(216): CodeIgniter\View\View->CodeIgniter\View\{closure}()
 2 SYSTEMPATH\Common.php(1142): CodeIgniter\View\View->render('pages/v_contact', [], true)
 3 APPPATH\Controllers\pages.php(52): view('pages/v_contact', [...])
 4 SYSTEMPATH\CodeIgniter.php(904): App\Controllers\pages->contact()
 5 SYSTEMPATH\CodeIgniter.php(457): CodeIgniter\CodeIgniter->runController(Object(App\Controllers\pages))
 6 SYSTEMPATH\CodeIgniter.php(340): CodeIgniter\CodeIgniter->handleRequest(null, Object(Config\Cache), false)
 7 FCPATH\index.php(67): CodeIgniter\CodeIgniter->run()
 8 SYSTEMPATH\Commands\Server\rewrite.php(43): require_once('FCPATH\\index.php')
CRITICAL - 2024-07-03 07:47:14 --> syntax error, unexpected end of file
in APPPATH\Views\pages\v_contact.php on line 22.
 1 SYSTEMPATH\View\View.php(216): CodeIgniter\View\View->CodeIgniter\View\{closure}()
 2 SYSTEMPATH\Common.php(1142): CodeIgniter\View\View->render('pages/v_contact', [], true)
 3 APPPATH\Controllers\pages.php(52): view('pages/v_contact', [...])
 4 SYSTEMPATH\CodeIgniter.php(904): App\Controllers\pages->contact()
 5 SYSTEMPATH\CodeIgniter.php(457): CodeIgniter\CodeIgniter->runController(Object(App\Controllers\pages))
 6 SYSTEMPATH\CodeIgniter.php(340): CodeIgniter\CodeIgniter->handleRequest(null, Object(Config\Cache), false)
 7 FCPATH\index.php(67): CodeIgniter\CodeIgniter->run()
 8 SYSTEMPATH\Commands\Server\rewrite.php(43): require_once('FCPATH\\index.php')
CRITICAL - 2024-07-03 07:47:14 --> syntax error, unexpected end of file
in APPPATH\Views\pages\v_contact.php on line 22.
 1 SYSTEMPATH\View\View.php(216): CodeIgniter\View\View->CodeIgniter\View\{closure}()
 2 SYSTEMPATH\Common.php(1142): CodeIgniter\View\View->render('pages/v_contact', [], true)
 3 APPPATH\Controllers\pages.php(52): view('pages/v_contact', [...])
 4 SYSTEMPATH\CodeIgniter.php(904): App\Controllers\pages->contact()
 5 SYSTEMPATH\CodeIgniter.php(457): CodeIgniter\CodeIgniter->runController(Object(App\Controllers\pages))
 6 SYSTEMPATH\CodeIgniter.php(340): CodeIgniter\CodeIgniter->handleRequest(null, Object(Config\Cache), false)
 7 FCPATH\index.php(67): CodeIgniter\CodeIgniter->run()
 8 SYSTEMPATH\Commands\Server\rewrite.php(43): require_once('FCPATH\\index.php')
CRITICAL - 2024-07-03 07:47:14 --> syntax error, unexpected end of file
in APPPATH\Views\pages\v_contact.php on line 22.
 1 SYSTEMPATH\View\View.php(216): CodeIgniter\View\View->CodeIgniter\View\{closure}()
 2 SYSTEMPATH\Common.php(1142): CodeIgniter\View\View->render('pages/v_contact', [], true)
 3 APPPATH\Controllers\pages.php(52): view('pages/v_contact', [...])
 4 SYSTEMPATH\CodeIgniter.php(904): App\Controllers\pages->contact()
 5 SYSTEMPATH\CodeIgniter.php(457): CodeIgniter\CodeIgniter->runController(Object(App\Controllers\pages))
 6 SYSTEMPATH\CodeIgniter.php(340): CodeIgniter\CodeIgniter->handleRequest(null, Object(Config\Cache), false)
 7 FCPATH\index.php(67): CodeIgniter\CodeIgniter->run()
 8 SYSTEMPATH\Commands\Server\rewrite.php(43): require_once('FCPATH\\index.php')
CRITICAL - 2024-07-03 07:48:01 --> Illegal string offset 'tipe'
in APPPATH\Views\pages\v_contact.php on line 15.
 1 APPPATH\Views\pages\v_contact.php(15): CodeIgniter\Debug\Exceptions->errorHandler(2, 'Illegal string offset \'tipe\'', 'APPPATH\\Views\\pages\\v_contact.php', 15, [...])
 2 SYSTEMPATH\View\View.php(213): include('APPPATH\\Views\\pages\\v_contact.php')
 3 SYSTEMPATH\View\View.php(216): CodeIgniter\View\View->CodeIgniter\View\{closure}()
 4 SYSTEMPATH\Common.php(1142): CodeIgniter\View\View->render('pages/v_contact', [], true)
 5 APPPATH\Controllers\pages.php(52): view('pages/v_contact', [...])
 6 SYSTEMPATH\CodeIgniter.php(904): App\Controllers\pages->contact()
 7 SYSTEMPATH\CodeIgniter.php(457): CodeIgniter\CodeIgniter->runController(Object(App\Controllers\pages))
 8 SYSTEMPATH\CodeIgniter.php(340): CodeIgniter\CodeIgniter->handleRequest(null, Object(Config\Cache), false)
 9 FCPATH\index.php(67): CodeIgniter\CodeIgniter->run()
10 SYSTEMPATH\Commands\Server\rewrite.php(43): require_once('FCPATH\\index.php')
