CRITICAL - 2024-07-08 05:12:58 --> syntax error, unexpected 'protected' (T_PROTECTED)
in APPPATH\Controllers\komik.php on line 11.
 1 SYSTEMPATH\Router\Router.php(499): CodeIgniter\Router\AutoRouter->getRoute('komik')
 2 SYSTEMPATH\Router\Router.php(205): CodeIgniter\Router\Router->autoRoute('komik')
 3 SYSTEMPATH\CodeIgniter.php(779): CodeIgniter\Router\Router->handle('komik')
 4 SYSTEMPATH\CodeIgniter.php(406): CodeIgniter\CodeIgniter->tryToRouteIt(Object(CodeIgniter\Router\RouteCollection))
 5 SYSTEMPATH\CodeIgniter.php(340): CodeIgniter\CodeIgniter->handleRequest(null, Object(Config\Cache), false)
 6 FCPATH\index.php(67): CodeIgniter\CodeIgniter->run()
 7 SYSTEMPATH\Commands\Server\rewrite.php(43): require_once('FCPATH\\index.php')
CRITICAL - 2024-07-08 05:13:00 --> syntax error, unexpected 'protected' (T_PROTECTED)
in APPPATH\Controllers\komik.php on line 11.
 1 SYSTEMPATH\Router\Router.php(499): CodeIgniter\Router\AutoRouter->getRoute('komik')
 2 SYSTEMPATH\Router\Router.php(205): CodeIgniter\Router\Router->autoRoute('komik')
 3 SYSTEMPATH\CodeIgniter.php(779): CodeIgniter\Router\Router->handle('komik')
 4 SYSTEMPATH\CodeIgniter.php(406): CodeIgniter\CodeIgniter->tryToRouteIt(Object(CodeIgniter\Router\RouteCollection))
 5 SYSTEMPATH\CodeIgniter.php(340): CodeIgniter\CodeIgniter->handleRequest(null, Object(Config\Cache), false)
 6 FCPATH\index.php(67): CodeIgniter\CodeIgniter->run()
 7 SYSTEMPATH\Commands\Server\rewrite.php(43): require_once('FCPATH\\index.php')
CRITICAL - 2024-07-08 05:13:31 --> syntax error, unexpected 'protected' (T_PROTECTED)
in APPPATH\Controllers\komik.php on line 11.
 1 SYSTEMPATH\Router\Router.php(499): CodeIgniter\Router\AutoRouter->getRoute('komik')
 2 SYSTEMPATH\Router\Router.php(205): CodeIgniter\Router\Router->autoRoute('komik')
 3 SYSTEMPATH\CodeIgniter.php(779): CodeIgniter\Router\Router->handle('komik')
 4 SYSTEMPATH\CodeIgniter.php(406): CodeIgniter\CodeIgniter->tryToRouteIt(Object(CodeIgniter\Router\RouteCollection))
 5 SYSTEMPATH\CodeIgniter.php(340): CodeIgniter\CodeIgniter->handleRequest(null, Object(Config\Cache), false)
 6 FCPATH\index.php(67): CodeIgniter\CodeIgniter->run()
 7 SYSTEMPATH\Commands\Server\rewrite.php(43): require_once('FCPATH\\index.php')
CRITICAL - 2024-07-08 05:14:10 --> Undefined variable: m_komik
in APPPATH\Controllers\komik.php on line 29.
 1 APPPATH\Controllers\komik.php(29): CodeIgniter\Debug\Exceptions->errorHandler(8, 'Undefined variable: m_komik', 'APPPATH\\Controllers\\komik.php', 29, [...])
 2 SYSTEMPATH\CodeIgniter.php(904): App\Controllers\Komik->index()
 3 SYSTEMPATH\CodeIgniter.php(457): CodeIgniter\CodeIgniter->runController(Object(App\Controllers\Komik))
 4 SYSTEMPATH\CodeIgniter.php(340): CodeIgniter\CodeIgniter->handleRequest(null, Object(Config\Cache), false)
 5 FCPATH\index.php(67): CodeIgniter\CodeIgniter->run()
 6 SYSTEMPATH\Commands\Server\rewrite.php(43): require_once('FCPATH\\index.php')
CRITICAL - 2024-07-08 05:14:31 --> Undefined variable: m_komik
in APPPATH\Controllers\komik.php on line 29.
 1 APPPATH\Controllers\komik.php(29): CodeIgniter\Debug\Exceptions->errorHandler(8, 'Undefined variable: m_komik', 'APPPATH\\Controllers\\komik.php', 29, [...])
 2 SYSTEMPATH\CodeIgniter.php(904): App\Controllers\Komik->index()
 3 SYSTEMPATH\CodeIgniter.php(457): CodeIgniter\CodeIgniter->runController(Object(App\Controllers\Komik))
 4 SYSTEMPATH\CodeIgniter.php(340): CodeIgniter\CodeIgniter->handleRequest(null, Object(Config\Cache), false)
 5 FCPATH\index.php(67): CodeIgniter\CodeIgniter->run()
 6 SYSTEMPATH\Commands\Server\rewrite.php(43): require_once('FCPATH\\index.php')
CRITICAL - 2024-07-08 08:23:56 --> Undefined variable: slug
in APPPATH\Views\komik\komik.php on line 27.
 1 APPPATH\Views\komik\komik.php(27): CodeIgniter\Debug\Exceptions->errorHandler(8, 'Undefined variable: slug', 'APPPATH\\Views\\komik\\komik.php', 27, [...])
 2 SYSTEMPATH\View\View.php(213): include('APPPATH\\Views\\komik\\komik.php')
 3 SYSTEMPATH\View\View.php(216): CodeIgniter\View\View->CodeIgniter\View\{closure}()
 4 SYSTEMPATH\Common.php(1142): CodeIgniter\View\View->render('komik/komik', [], true)
 5 APPPATH\Controllers\komik.php(34): view('komik/komik', [...])
 6 SYSTEMPATH\CodeIgniter.php(904): App\Controllers\Komik->index()
 7 SYSTEMPATH\CodeIgniter.php(457): CodeIgniter\CodeIgniter->runController(Object(App\Controllers\Komik))
 8 SYSTEMPATH\CodeIgniter.php(340): CodeIgniter\CodeIgniter->handleRequest(null, Object(Config\Cache), false)
 9 FCPATH\index.php(67): CodeIgniter\CodeIgniter->run()
10 SYSTEMPATH\Commands\Server\rewrite.php(43): require_once('FCPATH\\index.php')
CRITICAL - 2024-07-08 08:24:38 --> Undefined variable: slug
in APPPATH\Views\komik\komik.php on line 27.
 1 APPPATH\Views\komik\komik.php(27): CodeIgniter\Debug\Exceptions->errorHandler(8, 'Undefined variable: slug', 'APPPATH\\Views\\komik\\komik.php', 27, [...])
 2 SYSTEMPATH\View\View.php(213): include('APPPATH\\Views\\komik\\komik.php')
 3 SYSTEMPATH\View\View.php(216): CodeIgniter\View\View->CodeIgniter\View\{closure}()
 4 SYSTEMPATH\Common.php(1142): CodeIgniter\View\View->render('komik/komik', [], true)
 5 APPPATH\Controllers\komik.php(34): view('komik/komik', [...])
 6 SYSTEMPATH\CodeIgniter.php(904): App\Controllers\Komik->index()
 7 SYSTEMPATH\CodeIgniter.php(457): CodeIgniter\CodeIgniter->runController(Object(App\Controllers\Komik))
 8 SYSTEMPATH\CodeIgniter.php(340): CodeIgniter\CodeIgniter->handleRequest(null, Object(Config\Cache), false)
 9 FCPATH\index.php(67): CodeIgniter\CodeIgniter->run()
10 SYSTEMPATH\Commands\Server\rewrite.php(43): require_once('FCPATH\\index.php')
CRITICAL - 2024-07-08 08:24:39 --> Undefined variable: slug
in APPPATH\Views\komik\komik.php on line 27.
 1 APPPATH\Views\komik\komik.php(27): CodeIgniter\Debug\Exceptions->errorHandler(8, 'Undefined variable: slug', 'APPPATH\\Views\\komik\\komik.php', 27, [...])
 2 SYSTEMPATH\View\View.php(213): include('APPPATH\\Views\\komik\\komik.php')
 3 SYSTEMPATH\View\View.php(216): CodeIgniter\View\View->CodeIgniter\View\{closure}()
 4 SYSTEMPATH\Common.php(1142): CodeIgniter\View\View->render('komik/komik', [], true)
 5 APPPATH\Controllers\komik.php(34): view('komik/komik', [...])
 6 SYSTEMPATH\CodeIgniter.php(904): App\Controllers\Komik->index()
 7 SYSTEMPATH\CodeIgniter.php(457): CodeIgniter\CodeIgniter->runController(Object(App\Controllers\Komik))
 8 SYSTEMPATH\CodeIgniter.php(340): CodeIgniter\CodeIgniter->handleRequest(null, Object(Config\Cache), false)
 9 FCPATH\index.php(67): CodeIgniter\CodeIgniter->run()
10 SYSTEMPATH\Commands\Server\rewrite.php(43): require_once('FCPATH\\index.php')
CRITICAL - 2024-07-08 08:24:40 --> Undefined variable: slug
in APPPATH\Views\komik\komik.php on line 27.
 1 APPPATH\Views\komik\komik.php(27): CodeIgniter\Debug\Exceptions->errorHandler(8, 'Undefined variable: slug', 'APPPATH\\Views\\komik\\komik.php', 27, [...])
 2 SYSTEMPATH\View\View.php(213): include('APPPATH\\Views\\komik\\komik.php')
 3 SYSTEMPATH\View\View.php(216): CodeIgniter\View\View->CodeIgniter\View\{closure}()
 4 SYSTEMPATH\Common.php(1142): CodeIgniter\View\View->render('komik/komik', [], true)
 5 APPPATH\Controllers\komik.php(34): view('komik/komik', [...])
 6 SYSTEMPATH\CodeIgniter.php(904): App\Controllers\Komik->index()
 7 SYSTEMPATH\CodeIgniter.php(457): CodeIgniter\CodeIgniter->runController(Object(App\Controllers\Komik))
 8 SYSTEMPATH\CodeIgniter.php(340): CodeIgniter\CodeIgniter->handleRequest(null, Object(Config\Cache), false)
 9 FCPATH\index.php(67): CodeIgniter\CodeIgniter->run()
10 SYSTEMPATH\Commands\Server\rewrite.php(43): require_once('FCPATH\\index.php')
CRITICAL - 2024-07-08 08:24:40 --> Undefined variable: slug
in APPPATH\Views\komik\komik.php on line 27.
 1 APPPATH\Views\komik\komik.php(27): CodeIgniter\Debug\Exceptions->errorHandler(8, 'Undefined variable: slug', 'APPPATH\\Views\\komik\\komik.php', 27, [...])
 2 SYSTEMPATH\View\View.php(213): include('APPPATH\\Views\\komik\\komik.php')
 3 SYSTEMPATH\View\View.php(216): CodeIgniter\View\View->CodeIgniter\View\{closure}()
 4 SYSTEMPATH\Common.php(1142): CodeIgniter\View\View->render('komik/komik', [], true)
 5 APPPATH\Controllers\komik.php(34): view('komik/komik', [...])
 6 SYSTEMPATH\CodeIgniter.php(904): App\Controllers\Komik->index()
 7 SYSTEMPATH\CodeIgniter.php(457): CodeIgniter\CodeIgniter->runController(Object(App\Controllers\Komik))
 8 SYSTEMPATH\CodeIgniter.php(340): CodeIgniter\CodeIgniter->handleRequest(null, Object(Config\Cache), false)
 9 FCPATH\index.php(67): CodeIgniter\CodeIgniter->run()
10 SYSTEMPATH\Commands\Server\rewrite.php(43): require_once('FCPATH\\index.php')
CRITICAL - 2024-07-08 08:24:40 --> Undefined variable: slug
in APPPATH\Views\komik\komik.php on line 27.
 1 APPPATH\Views\komik\komik.php(27): CodeIgniter\Debug\Exceptions->errorHandler(8, 'Undefined variable: slug', 'APPPATH\\Views\\komik\\komik.php', 27, [...])
 2 SYSTEMPATH\View\View.php(213): include('APPPATH\\Views\\komik\\komik.php')
 3 SYSTEMPATH\View\View.php(216): CodeIgniter\View\View->CodeIgniter\View\{closure}()
 4 SYSTEMPATH\Common.php(1142): CodeIgniter\View\View->render('komik/komik', [], true)
 5 APPPATH\Controllers\komik.php(34): view('komik/komik', [...])
 6 SYSTEMPATH\CodeIgniter.php(904): App\Controllers\Komik->index()
 7 SYSTEMPATH\CodeIgniter.php(457): CodeIgniter\CodeIgniter->runController(Object(App\Controllers\Komik))
 8 SYSTEMPATH\CodeIgniter.php(340): CodeIgniter\CodeIgniter->handleRequest(null, Object(Config\Cache), false)
 9 FCPATH\index.php(67): CodeIgniter\CodeIgniter->run()
10 SYSTEMPATH\Commands\Server\rewrite.php(43): require_once('FCPATH\\index.php')
CRITICAL - 2024-07-08 08:24:40 --> Undefined variable: slug
in APPPATH\Views\komik\komik.php on line 27.
 1 APPPATH\Views\komik\komik.php(27): CodeIgniter\Debug\Exceptions->errorHandler(8, 'Undefined variable: slug', 'APPPATH\\Views\\komik\\komik.php', 27, [...])
 2 SYSTEMPATH\View\View.php(213): include('APPPATH\\Views\\komik\\komik.php')
 3 SYSTEMPATH\View\View.php(216): CodeIgniter\View\View->CodeIgniter\View\{closure}()
 4 SYSTEMPATH\Common.php(1142): CodeIgniter\View\View->render('komik/komik', [], true)
 5 APPPATH\Controllers\komik.php(34): view('komik/komik', [...])
 6 SYSTEMPATH\CodeIgniter.php(904): App\Controllers\Komik->index()
 7 SYSTEMPATH\CodeIgniter.php(457): CodeIgniter\CodeIgniter->runController(Object(App\Controllers\Komik))
 8 SYSTEMPATH\CodeIgniter.php(340): CodeIgniter\CodeIgniter->handleRequest(null, Object(Config\Cache), false)
 9 FCPATH\index.php(67): CodeIgniter\CodeIgniter->run()
10 SYSTEMPATH\Commands\Server\rewrite.php(43): require_once('FCPATH\\index.php')
CRITICAL - 2024-07-08 08:25:27 --> Undefined variable: slug
in APPPATH\Controllers\komik.php on line 39.
 1 APPPATH\Controllers\komik.php(39): CodeIgniter\Debug\Exceptions->errorHandler(8, 'Undefined variable: slug', 'APPPATH\\Controllers\\komik.php', 39, [])
 2 SYSTEMPATH\CodeIgniter.php(904): App\Controllers\Komik->detail('naturo')
 3 SYSTEMPATH\CodeIgniter.php(457): CodeIgniter\CodeIgniter->runController(Object(App\Controllers\Komik))
 4 SYSTEMPATH\CodeIgniter.php(340): CodeIgniter\CodeIgniter->handleRequest(null, Object(Config\Cache), false)
 5 FCPATH\index.php(67): CodeIgniter\CodeIgniter->run()
 6 SYSTEMPATH\Commands\Server\rewrite.php(43): require_once('FCPATH\\index.php')
CRITICAL - 2024-07-08 08:27:58 --> Undefined variable: slug
in APPPATH\Controllers\komik.php on line 39.
 1 APPPATH\Controllers\komik.php(39): CodeIgniter\Debug\Exceptions->errorHandler(8, 'Undefined variable: slug', 'APPPATH\\Controllers\\komik.php', 39, [])
 2 SYSTEMPATH\CodeIgniter.php(904): App\Controllers\Komik->detail('Naruto')
 3 SYSTEMPATH\CodeIgniter.php(457): CodeIgniter\CodeIgniter->runController(Object(App\Controllers\Komik))
 4 SYSTEMPATH\CodeIgniter.php(340): CodeIgniter\CodeIgniter->handleRequest(null, Object(Config\Cache), false)
 5 FCPATH\index.php(67): CodeIgniter\CodeIgniter->run()
 6 SYSTEMPATH\Commands\Server\rewrite.php(43): require_once('FCPATH\\index.php')
CRITICAL - 2024-07-08 21:04:58 --> Call to undefined method App\Models\m_komik::getkomik
in SYSTEMPATH\Model.php on line 774.
 1 APPPATH\Controllers\komik.php(40): CodeIgniter\Model->__call('getkomik', [...])
 2 SYSTEMPATH\CodeIgniter.php(904): App\Controllers\Komik->detail('Naruto')
 3 SYSTEMPATH\CodeIgniter.php(457): CodeIgniter\CodeIgniter->runController(Object(App\Controllers\Komik))
 4 SYSTEMPATH\CodeIgniter.php(340): CodeIgniter\CodeIgniter->handleRequest(null, Object(Config\Cache), false)
 5 FCPATH\index.php(67): CodeIgniter\CodeIgniter->run()
 6 SYSTEMPATH\Commands\Server\rewrite.php(43): require_once('FCPATH\\index.php')
CRITICAL - 2024-07-08 21:04:59 --> Call to undefined method App\Models\m_komik::getkomik
in SYSTEMPATH\Model.php on line 774.
 1 APPPATH\Controllers\komik.php(40): CodeIgniter\Model->__call('getkomik', [...])
 2 SYSTEMPATH\CodeIgniter.php(904): App\Controllers\Komik->detail('Naruto')
 3 SYSTEMPATH\CodeIgniter.php(457): CodeIgniter\CodeIgniter->runController(Object(App\Controllers\Komik))
 4 SYSTEMPATH\CodeIgniter.php(340): CodeIgniter\CodeIgniter->handleRequest(null, Object(Config\Cache), false)
 5 FCPATH\index.php(67): CodeIgniter\CodeIgniter->run()
 6 SYSTEMPATH\Commands\Server\rewrite.php(43): require_once('FCPATH\\index.php')
CRITICAL - 2024-07-08 21:05:35 --> Undefined variable: m_komik
in APPPATH\Controllers\komik.php on line 26.
 1 APPPATH\Controllers\komik.php(26): CodeIgniter\Debug\Exceptions->errorHandler(8, 'Undefined variable: m_komik', 'APPPATH\\Controllers\\komik.php', 26, [])
 2 SYSTEMPATH\CodeIgniter.php(904): App\Controllers\Komik->index()
 3 SYSTEMPATH\CodeIgniter.php(457): CodeIgniter\CodeIgniter->runController(Object(App\Controllers\Komik))
 4 SYSTEMPATH\CodeIgniter.php(340): CodeIgniter\CodeIgniter->handleRequest(null, Object(Config\Cache), false)
 5 FCPATH\index.php(67): CodeIgniter\CodeIgniter->run()
 6 SYSTEMPATH\Commands\Server\rewrite.php(43): require_once('FCPATH\\index.php')
CRITICAL - 2024-07-08 21:05:58 --> Undefined variable: m_komik
in APPPATH\Controllers\komik.php on line 26.
 1 APPPATH\Controllers\komik.php(26): CodeIgniter\Debug\Exceptions->errorHandler(8, 'Undefined variable: m_komik', 'APPPATH\\Controllers\\komik.php', 26, [])
 2 SYSTEMPATH\CodeIgniter.php(904): App\Controllers\Komik->index()
 3 SYSTEMPATH\CodeIgniter.php(457): CodeIgniter\CodeIgniter->runController(Object(App\Controllers\Komik))
 4 SYSTEMPATH\CodeIgniter.php(340): CodeIgniter\CodeIgniter->handleRequest(null, Object(Config\Cache), false)
 5 FCPATH\index.php(67): CodeIgniter\CodeIgniter->run()
 6 SYSTEMPATH\Commands\Server\rewrite.php(43): require_once('FCPATH\\index.php')
CRITICAL - 2024-07-08 21:05:58 --> Undefined variable: m_komik
in APPPATH\Controllers\komik.php on line 26.
 1 APPPATH\Controllers\komik.php(26): CodeIgniter\Debug\Exceptions->errorHandler(8, 'Undefined variable: m_komik', 'APPPATH\\Controllers\\komik.php', 26, [])
 2 SYSTEMPATH\CodeIgniter.php(904): App\Controllers\Komik->index()
 3 SYSTEMPATH\CodeIgniter.php(457): CodeIgniter\CodeIgniter->runController(Object(App\Controllers\Komik))
 4 SYSTEMPATH\CodeIgniter.php(340): CodeIgniter\CodeIgniter->handleRequest(null, Object(Config\Cache), false)
 5 FCPATH\index.php(67): CodeIgniter\CodeIgniter->run()
 6 SYSTEMPATH\Commands\Server\rewrite.php(43): require_once('FCPATH\\index.php')
CRITICAL - 2024-07-08 21:17:51 --> syntax error, unexpected ';', expecting ']'
in APPPATH\Controllers\komik.php on line 43.
 1 SYSTEMPATH\Router\Router.php(499): CodeIgniter\Router\AutoRouter->getRoute('komik/')
 2 SYSTEMPATH\Router\Router.php(205): CodeIgniter\Router\Router->autoRoute('komik/')
 3 SYSTEMPATH\CodeIgniter.php(779): CodeIgniter\Router\Router->handle('komik/')
 4 SYSTEMPATH\CodeIgniter.php(406): CodeIgniter\CodeIgniter->tryToRouteIt(Object(CodeIgniter\Router\RouteCollection))
 5 SYSTEMPATH\CodeIgniter.php(340): CodeIgniter\CodeIgniter->handleRequest(null, Object(Config\Cache), false)
 6 FCPATH\index.php(67): CodeIgniter\CodeIgniter->run()
 7 SYSTEMPATH\Commands\Server\rewrite.php(43): require_once('FCPATH\\index.php')
CRITICAL - 2024-07-08 21:17:52 --> syntax error, unexpected ';', expecting ']'
in APPPATH\Controllers\komik.php on line 43.
 1 SYSTEMPATH\Router\Router.php(499): CodeIgniter\Router\AutoRouter->getRoute('komik/')
 2 SYSTEMPATH\Router\Router.php(205): CodeIgniter\Router\Router->autoRoute('komik/')
 3 SYSTEMPATH\CodeIgniter.php(779): CodeIgniter\Router\Router->handle('komik/')
 4 SYSTEMPATH\CodeIgniter.php(406): CodeIgniter\CodeIgniter->tryToRouteIt(Object(CodeIgniter\Router\RouteCollection))
 5 SYSTEMPATH\CodeIgniter.php(340): CodeIgniter\CodeIgniter->handleRequest(null, Object(Config\Cache), false)
 6 FCPATH\index.php(67): CodeIgniter\CodeIgniter->run()
 7 SYSTEMPATH\Commands\Server\rewrite.php(43): require_once('FCPATH\\index.php')
CRITICAL - 2024-07-08 21:17:52 --> syntax error, unexpected ';', expecting ']'
in APPPATH\Controllers\komik.php on line 43.
 1 SYSTEMPATH\Router\Router.php(499): CodeIgniter\Router\AutoRouter->getRoute('komik/')
 2 SYSTEMPATH\Router\Router.php(205): CodeIgniter\Router\Router->autoRoute('komik/')
 3 SYSTEMPATH\CodeIgniter.php(779): CodeIgniter\Router\Router->handle('komik/')
 4 SYSTEMPATH\CodeIgniter.php(406): CodeIgniter\CodeIgniter->tryToRouteIt(Object(CodeIgniter\Router\RouteCollection))
 5 SYSTEMPATH\CodeIgniter.php(340): CodeIgniter\CodeIgniter->handleRequest(null, Object(Config\Cache), false)
 6 FCPATH\index.php(67): CodeIgniter\CodeIgniter->run()
 7 SYSTEMPATH\Commands\Server\rewrite.php(43): require_once('FCPATH\\index.php')
CRITICAL - 2024-07-08 21:17:52 --> syntax error, unexpected ';', expecting ']'
in APPPATH\Controllers\komik.php on line 43.
 1 SYSTEMPATH\Router\Router.php(499): CodeIgniter\Router\AutoRouter->getRoute('komik/')
 2 SYSTEMPATH\Router\Router.php(205): CodeIgniter\Router\Router->autoRoute('komik/')
 3 SYSTEMPATH\CodeIgniter.php(779): CodeIgniter\Router\Router->handle('komik/')
 4 SYSTEMPATH\CodeIgniter.php(406): CodeIgniter\CodeIgniter->tryToRouteIt(Object(CodeIgniter\Router\RouteCollection))
 5 SYSTEMPATH\CodeIgniter.php(340): CodeIgniter\CodeIgniter->handleRequest(null, Object(Config\Cache), false)
 6 FCPATH\index.php(67): CodeIgniter\CodeIgniter->run()
 7 SYSTEMPATH\Commands\Server\rewrite.php(43): require_once('FCPATH\\index.php')
CRITICAL - 2024-07-08 21:17:53 --> syntax error, unexpected ';', expecting ']'
in APPPATH\Controllers\komik.php on line 43.
 1 SYSTEMPATH\Router\Router.php(499): CodeIgniter\Router\AutoRouter->getRoute('komik/')
 2 SYSTEMPATH\Router\Router.php(205): CodeIgniter\Router\Router->autoRoute('komik/')
 3 SYSTEMPATH\CodeIgniter.php(779): CodeIgniter\Router\Router->handle('komik/')
 4 SYSTEMPATH\CodeIgniter.php(406): CodeIgniter\CodeIgniter->tryToRouteIt(Object(CodeIgniter\Router\RouteCollection))
 5 SYSTEMPATH\CodeIgniter.php(340): CodeIgniter\CodeIgniter->handleRequest(null, Object(Config\Cache), false)
 6 FCPATH\index.php(67): CodeIgniter\CodeIgniter->run()
 7 SYSTEMPATH\Commands\Server\rewrite.php(43): require_once('FCPATH\\index.php')
CRITICAL - 2024-07-08 21:17:54 --> syntax error, unexpected ';', expecting ']'
in APPPATH\Controllers\komik.php on line 43.
 1 SYSTEMPATH\Router\Router.php(499): CodeIgniter\Router\AutoRouter->getRoute('komik/')
 2 SYSTEMPATH\Router\Router.php(205): CodeIgniter\Router\Router->autoRoute('komik/')
 3 SYSTEMPATH\CodeIgniter.php(779): CodeIgniter\Router\Router->handle('komik/')
 4 SYSTEMPATH\CodeIgniter.php(406): CodeIgniter\CodeIgniter->tryToRouteIt(Object(CodeIgniter\Router\RouteCollection))
 5 SYSTEMPATH\CodeIgniter.php(340): CodeIgniter\CodeIgniter->handleRequest(null, Object(Config\Cache), false)
 6 FCPATH\index.php(67): CodeIgniter\CodeIgniter->run()
 7 SYSTEMPATH\Commands\Server\rewrite.php(43): require_once('FCPATH\\index.php')
CRITICAL - 2024-07-08 21:18:17 --> Illegal string offset 'sampul'
in APPPATH\Views\komik\detail.php on line 7.
 1 APPPATH\Views\komik\detail.php(7): CodeIgniter\Debug\Exceptions->errorHandler(2, 'Illegal string offset \'sampul\'', 'APPPATH\\Views\\komik\\detail.php', 7, [...])
 2 SYSTEMPATH\View\View.php(213): include('APPPATH\\Views\\komik\\detail.php')
 3 SYSTEMPATH\View\View.php(216): CodeIgniter\View\View->CodeIgniter\View\{closure}()
 4 SYSTEMPATH\Common.php(1142): CodeIgniter\View\View->render('komik/detail', [], true)
 5 APPPATH\Controllers\komik.php(46): view('komik/detail', [...])
 6 SYSTEMPATH\CodeIgniter.php(904): App\Controllers\Komik->detail('Naruto')
 7 SYSTEMPATH\CodeIgniter.php(457): CodeIgniter\CodeIgniter->runController(Object(App\Controllers\Komik))
 8 SYSTEMPATH\CodeIgniter.php(340): CodeIgniter\CodeIgniter->handleRequest(null, Object(Config\Cache), false)
 9 FCPATH\index.php(67): CodeIgniter\CodeIgniter->run()
10 SYSTEMPATH\Commands\Server\rewrite.php(43): require_once('FCPATH\\index.php')
CRITICAL - 2024-07-08 21:20:28 --> Undefined variable: k
in APPPATH\Views\komik\detail.php on line 7.
 1 APPPATH\Views\komik\detail.php(7): CodeIgniter\Debug\Exceptions->errorHandler(8, 'Undefined variable: k', 'APPPATH\\Views\\komik\\detail.php', 7, [...])
 2 SYSTEMPATH\View\View.php(213): include('APPPATH\\Views\\komik\\detail.php')
 3 SYSTEMPATH\View\View.php(216): CodeIgniter\View\View->CodeIgniter\View\{closure}()
 4 SYSTEMPATH\Common.php(1142): CodeIgniter\View\View->render('komik/detail', [], true)
 5 APPPATH\Controllers\komik.php(46): view('komik/detail', [...])
 6 SYSTEMPATH\CodeIgniter.php(904): App\Controllers\Komik->detail('Naruto')
 7 SYSTEMPATH\CodeIgniter.php(457): CodeIgniter\CodeIgniter->runController(Object(App\Controllers\Komik))
 8 SYSTEMPATH\CodeIgniter.php(340): CodeIgniter\CodeIgniter->handleRequest(null, Object(Config\Cache), false)
 9 FCPATH\index.php(67): CodeIgniter\CodeIgniter->run()
10 SYSTEMPATH\Commands\Server\rewrite.php(43): require_once('FCPATH\\index.php')
CRITICAL - 2024-07-08 21:21:05 --> Undefined variable: k
in APPPATH\Views\komik\detail.php on line 7.
 1 APPPATH\Views\komik\detail.php(7): CodeIgniter\Debug\Exceptions->errorHandler(8, 'Undefined variable: k', 'APPPATH\\Views\\komik\\detail.php', 7, [...])
 2 SYSTEMPATH\View\View.php(213): include('APPPATH\\Views\\komik\\detail.php')
 3 SYSTEMPATH\View\View.php(216): CodeIgniter\View\View->CodeIgniter\View\{closure}()
 4 SYSTEMPATH\Common.php(1142): CodeIgniter\View\View->render('komik/detail', [], true)
 5 APPPATH\Controllers\komik.php(46): view('komik/detail', [...])
 6 SYSTEMPATH\CodeIgniter.php(904): App\Controllers\Komik->detail('Naruto')
 7 SYSTEMPATH\CodeIgniter.php(457): CodeIgniter\CodeIgniter->runController(Object(App\Controllers\Komik))
 8 SYSTEMPATH\CodeIgniter.php(340): CodeIgniter\CodeIgniter->handleRequest(null, Object(Config\Cache), false)
 9 FCPATH\index.php(67): CodeIgniter\CodeIgniter->run()
10 SYSTEMPATH\Commands\Server\rewrite.php(43): require_once('FCPATH\\index.php')
CRITICAL - 2024-07-08 21:21:53 --> Undefined variable: k
in APPPATH\Views\komik\detail.php on line 7.
 1 APPPATH\Views\komik\detail.php(7): CodeIgniter\Debug\Exceptions->errorHandler(8, 'Undefined variable: k', 'APPPATH\\Views\\komik\\detail.php', 7, [...])
 2 SYSTEMPATH\View\View.php(213): include('APPPATH\\Views\\komik\\detail.php')
 3 SYSTEMPATH\View\View.php(216): CodeIgniter\View\View->CodeIgniter\View\{closure}()
 4 SYSTEMPATH\Common.php(1142): CodeIgniter\View\View->render('komik/detail', [], true)
 5 APPPATH\Controllers\komik.php(46): view('komik/detail', [...])
 6 SYSTEMPATH\CodeIgniter.php(904): App\Controllers\Komik->detail('Naruto')
 7 SYSTEMPATH\CodeIgniter.php(457): CodeIgniter\CodeIgniter->runController(Object(App\Controllers\Komik))
 8 SYSTEMPATH\CodeIgniter.php(340): CodeIgniter\CodeIgniter->handleRequest(null, Object(Config\Cache), false)
 9 FCPATH\index.php(67): CodeIgniter\CodeIgniter->run()
10 SYSTEMPATH\Commands\Server\rewrite.php(43): require_once('FCPATH\\index.php')
CRITICAL - 2024-07-08 21:21:54 --> Undefined variable: k
in APPPATH\Views\komik\detail.php on line 7.
 1 APPPATH\Views\komik\detail.php(7): CodeIgniter\Debug\Exceptions->errorHandler(8, 'Undefined variable: k', 'APPPATH\\Views\\komik\\detail.php', 7, [...])
 2 SYSTEMPATH\View\View.php(213): include('APPPATH\\Views\\komik\\detail.php')
 3 SYSTEMPATH\View\View.php(216): CodeIgniter\View\View->CodeIgniter\View\{closure}()
 4 SYSTEMPATH\Common.php(1142): CodeIgniter\View\View->render('komik/detail', [], true)
 5 APPPATH\Controllers\komik.php(46): view('komik/detail', [...])
 6 SYSTEMPATH\CodeIgniter.php(904): App\Controllers\Komik->detail('Naruto')
 7 SYSTEMPATH\CodeIgniter.php(457): CodeIgniter\CodeIgniter->runController(Object(App\Controllers\Komik))
 8 SYSTEMPATH\CodeIgniter.php(340): CodeIgniter\CodeIgniter->handleRequest(null, Object(Config\Cache), false)
 9 FCPATH\index.php(67): CodeIgniter\CodeIgniter->run()
10 SYSTEMPATH\Commands\Server\rewrite.php(43): require_once('FCPATH\\index.php')
CRITICAL - 2024-07-08 21:21:54 --> Undefined variable: k
in APPPATH\Views\komik\detail.php on line 7.
 1 APPPATH\Views\komik\detail.php(7): CodeIgniter\Debug\Exceptions->errorHandler(8, 'Undefined variable: k', 'APPPATH\\Views\\komik\\detail.php', 7, [...])
 2 SYSTEMPATH\View\View.php(213): include('APPPATH\\Views\\komik\\detail.php')
 3 SYSTEMPATH\View\View.php(216): CodeIgniter\View\View->CodeIgniter\View\{closure}()
 4 SYSTEMPATH\Common.php(1142): CodeIgniter\View\View->render('komik/detail', [], true)
 5 APPPATH\Controllers\komik.php(46): view('komik/detail', [...])
 6 SYSTEMPATH\CodeIgniter.php(904): App\Controllers\Komik->detail('Naruto')
 7 SYSTEMPATH\CodeIgniter.php(457): CodeIgniter\CodeIgniter->runController(Object(App\Controllers\Komik))
 8 SYSTEMPATH\CodeIgniter.php(340): CodeIgniter\CodeIgniter->handleRequest(null, Object(Config\Cache), false)
 9 FCPATH\index.php(67): CodeIgniter\CodeIgniter->run()
10 SYSTEMPATH\Commands\Server\rewrite.php(43): require_once('FCPATH\\index.php')
CRITICAL - 2024-07-08 21:21:55 --> Undefined variable: k
in APPPATH\Views\komik\detail.php on line 7.
 1 APPPATH\Views\komik\detail.php(7): CodeIgniter\Debug\Exceptions->errorHandler(8, 'Undefined variable: k', 'APPPATH\\Views\\komik\\detail.php', 7, [...])
 2 SYSTEMPATH\View\View.php(213): include('APPPATH\\Views\\komik\\detail.php')
 3 SYSTEMPATH\View\View.php(216): CodeIgniter\View\View->CodeIgniter\View\{closure}()
 4 SYSTEMPATH\Common.php(1142): CodeIgniter\View\View->render('komik/detail', [], true)
 5 APPPATH\Controllers\komik.php(46): view('komik/detail', [...])
 6 SYSTEMPATH\CodeIgniter.php(904): App\Controllers\Komik->detail('Naruto')
 7 SYSTEMPATH\CodeIgniter.php(457): CodeIgniter\CodeIgniter->runController(Object(App\Controllers\Komik))
 8 SYSTEMPATH\CodeIgniter.php(340): CodeIgniter\CodeIgniter->handleRequest(null, Object(Config\Cache), false)
 9 FCPATH\index.php(67): CodeIgniter\CodeIgniter->run()
10 SYSTEMPATH\Commands\Server\rewrite.php(43): require_once('FCPATH\\index.php')
CRITICAL - 2024-07-08 21:21:55 --> Undefined variable: k
in APPPATH\Views\komik\detail.php on line 7.
 1 APPPATH\Views\komik\detail.php(7): CodeIgniter\Debug\Exceptions->errorHandler(8, 'Undefined variable: k', 'APPPATH\\Views\\komik\\detail.php', 7, [...])
 2 SYSTEMPATH\View\View.php(213): include('APPPATH\\Views\\komik\\detail.php')
 3 SYSTEMPATH\View\View.php(216): CodeIgniter\View\View->CodeIgniter\View\{closure}()
 4 SYSTEMPATH\Common.php(1142): CodeIgniter\View\View->render('komik/detail', [], true)
 5 APPPATH\Controllers\komik.php(46): view('komik/detail', [...])
 6 SYSTEMPATH\CodeIgniter.php(904): App\Controllers\Komik->detail('Naruto')
 7 SYSTEMPATH\CodeIgniter.php(457): CodeIgniter\CodeIgniter->runController(Object(App\Controllers\Komik))
 8 SYSTEMPATH\CodeIgniter.php(340): CodeIgniter\CodeIgniter->handleRequest(null, Object(Config\Cache), false)
 9 FCPATH\index.php(67): CodeIgniter\CodeIgniter->run()
10 SYSTEMPATH\Commands\Server\rewrite.php(43): require_once('FCPATH\\index.php')
CRITICAL - 2024-07-08 21:22:26 --> View themes, no current section.
in SYSTEMPATH\View\View.php on line 392.
 1 APPPATH\Views\komik\detail.php(16): CodeIgniter\View\View->endSection()
 2 SYSTEMPATH\View\View.php(213): include('APPPATH\\Views\\komik\\detail.php')
 3 SYSTEMPATH\View\View.php(216): CodeIgniter\View\View->CodeIgniter\View\{closure}()
 4 SYSTEMPATH\Common.php(1142): CodeIgniter\View\View->render('komik/detail', [], true)
 5 APPPATH\Controllers\komik.php(46): view('komik/detail', [...])
 6 SYSTEMPATH\CodeIgniter.php(904): App\Controllers\Komik->detail('Naruto')
 7 SYSTEMPATH\CodeIgniter.php(457): CodeIgniter\CodeIgniter->runController(Object(App\Controllers\Komik))
 8 SYSTEMPATH\CodeIgniter.php(340): CodeIgniter\CodeIgniter->handleRequest(null, Object(Config\Cache), false)
 9 FCPATH\index.php(67): CodeIgniter\CodeIgniter->run()
10 SYSTEMPATH\Commands\Server\rewrite.php(43): require_once('FCPATH\\index.php')
CRITICAL - 2024-07-08 21:22:27 --> View themes, no current section.
in SYSTEMPATH\View\View.php on line 392.
 1 APPPATH\Views\komik\detail.php(16): CodeIgniter\View\View->endSection()
 2 SYSTEMPATH\View\View.php(213): include('APPPATH\\Views\\komik\\detail.php')
 3 SYSTEMPATH\View\View.php(216): CodeIgniter\View\View->CodeIgniter\View\{closure}()
 4 SYSTEMPATH\Common.php(1142): CodeIgniter\View\View->render('komik/detail', [], true)
 5 APPPATH\Controllers\komik.php(46): view('komik/detail', [...])
 6 SYSTEMPATH\CodeIgniter.php(904): App\Controllers\Komik->detail('Naruto')
 7 SYSTEMPATH\CodeIgniter.php(457): CodeIgniter\CodeIgniter->runController(Object(App\Controllers\Komik))
 8 SYSTEMPATH\CodeIgniter.php(340): CodeIgniter\CodeIgniter->handleRequest(null, Object(Config\Cache), false)
 9 FCPATH\index.php(67): CodeIgniter\CodeIgniter->run()
10 SYSTEMPATH\Commands\Server\rewrite.php(43): require_once('FCPATH\\index.php')
CRITICAL - 2024-07-08 21:25:45 --> View themes, no current section.
in SYSTEMPATH\View\View.php on line 392.
 1 APPPATH\Views\komik\detail.php(18): CodeIgniter\View\View->endSection()
 2 SYSTEMPATH\View\View.php(213): include('APPPATH\\Views\\komik\\detail.php')
 3 SYSTEMPATH\View\View.php(216): CodeIgniter\View\View->CodeIgniter\View\{closure}()
 4 SYSTEMPATH\Common.php(1142): CodeIgniter\View\View->render('komik/detail', [], true)
 5 APPPATH\Controllers\komik.php(46): view('komik/detail', [...])
 6 SYSTEMPATH\CodeIgniter.php(904): App\Controllers\Komik->detail('Naruto')
 7 SYSTEMPATH\CodeIgniter.php(457): CodeIgniter\CodeIgniter->runController(Object(App\Controllers\Komik))
 8 SYSTEMPATH\CodeIgniter.php(340): CodeIgniter\CodeIgniter->handleRequest(null, Object(Config\Cache), false)
 9 FCPATH\index.php(67): CodeIgniter\CodeIgniter->run()
10 SYSTEMPATH\Commands\Server\rewrite.php(43): require_once('FCPATH\\index.php')
CRITICAL - 2024-07-08 21:27:18 --> Undefined variable: k
in APPPATH\Views\komik\detail.php on line 6.
 1 APPPATH\Views\komik\detail.php(6): CodeIgniter\Debug\Exceptions->errorHandler(8, 'Undefined variable: k', 'APPPATH\\Views\\komik\\detail.php', 6, [...])
 2 SYSTEMPATH\View\View.php(213): include('APPPATH\\Views\\komik\\detail.php')
 3 SYSTEMPATH\View\View.php(216): CodeIgniter\View\View->CodeIgniter\View\{closure}()
 4 SYSTEMPATH\Common.php(1142): CodeIgniter\View\View->render('komik/detail', [], true)
 5 APPPATH\Controllers\komik.php(46): view('komik/detail', [...])
 6 SYSTEMPATH\CodeIgniter.php(904): App\Controllers\Komik->detail('Naruto')
 7 SYSTEMPATH\CodeIgniter.php(457): CodeIgniter\CodeIgniter->runController(Object(App\Controllers\Komik))
 8 SYSTEMPATH\CodeIgniter.php(340): CodeIgniter\CodeIgniter->handleRequest(null, Object(Config\Cache), false)
 9 FCPATH\index.php(67): CodeIgniter\CodeIgniter->run()
10 SYSTEMPATH\Commands\Server\rewrite.php(43): require_once('FCPATH\\index.php')
CRITICAL - 2024-07-08 21:30:22 --> Undefined variable: k
in APPPATH\Views\komik\detail.php on line 10.
 1 APPPATH\Views\komik\detail.php(10): CodeIgniter\Debug\Exceptions->errorHandler(8, 'Undefined variable: k', 'APPPATH\\Views\\komik\\detail.php', 10, [...])
 2 SYSTEMPATH\View\View.php(213): include('APPPATH\\Views\\komik\\detail.php')
 3 SYSTEMPATH\View\View.php(216): CodeIgniter\View\View->CodeIgniter\View\{closure}()
 4 SYSTEMPATH\Common.php(1142): CodeIgniter\View\View->render('komik/detail', [], true)
 5 APPPATH\Controllers\komik.php(46): view('komik/detail', [...])
 6 SYSTEMPATH\CodeIgniter.php(904): App\Controllers\Komik->detail('Naruto')
 7 SYSTEMPATH\CodeIgniter.php(457): CodeIgniter\CodeIgniter->runController(Object(App\Controllers\Komik))
 8 SYSTEMPATH\CodeIgniter.php(340): CodeIgniter\CodeIgniter->handleRequest(null, Object(Config\Cache), false)
 9 FCPATH\index.php(67): CodeIgniter\CodeIgniter->run()
10 SYSTEMPATH\Commands\Server\rewrite.php(43): require_once('FCPATH\\index.php')
CRITICAL - 2024-07-08 21:47:05 --> Trying to access array offset on value of type null
in APPPATH\Views\komik\detail.php on line 6.
 1 APPPATH\Views\komik\detail.php(6): CodeIgniter\Debug\Exceptions->errorHandler(8, 'Trying to access array offset on value of type null', 'APPPATH\\Views\\komik\\detail.php', 6, [...])
 2 SYSTEMPATH\View\View.php(213): include('APPPATH\\Views\\komik\\detail.php')
 3 SYSTEMPATH\View\View.php(216): CodeIgniter\View\View->CodeIgniter\View\{closure}()
 4 SYSTEMPATH\Common.php(1142): CodeIgniter\View\View->render('komik/detail', [], true)
 5 APPPATH\Controllers\komik.php(46): view('komik/detail', [...])
 6 SYSTEMPATH\CodeIgniter.php(904): App\Controllers\Komik->detail('tambah')
 7 SYSTEMPATH\CodeIgniter.php(457): CodeIgniter\CodeIgniter->runController(Object(App\Controllers\Komik))
 8 SYSTEMPATH\CodeIgniter.php(340): CodeIgniter\CodeIgniter->handleRequest(null, Object(Config\Cache), false)
 9 FCPATH\index.php(67): CodeIgniter\CodeIgniter->run()
10 SYSTEMPATH\Commands\Server\rewrite.php(43): require_once('FCPATH\\index.php')
CRITICAL - 2024-07-08 21:54:20 --> Trying to access array offset on value of type null
in APPPATH\Views\komik\detail.php on line 6.
 1 APPPATH\Views\komik\detail.php(6): CodeIgniter\Debug\Exceptions->errorHandler(8, 'Trying to access array offset on value of type null', 'APPPATH\\Views\\komik\\detail.php', 6, [...])
 2 SYSTEMPATH\View\View.php(213): include('APPPATH\\Views\\komik\\detail.php')
 3 SYSTEMPATH\View\View.php(216): CodeIgniter\View\View->CodeIgniter\View\{closure}()
 4 SYSTEMPATH\Common.php(1142): CodeIgniter\View\View->render('komik/detail', [], true)
 5 APPPATH\Controllers\komik.php(46): view('komik/detail', [...])
 6 SYSTEMPATH\CodeIgniter.php(904): App\Controllers\Komik->detail('tambah')
 7 SYSTEMPATH\CodeIgniter.php(457): CodeIgniter\CodeIgniter->runController(Object(App\Controllers\Komik))
 8 SYSTEMPATH\CodeIgniter.php(340): CodeIgniter\CodeIgniter->handleRequest(null, Object(Config\Cache), false)
 9 FCPATH\index.php(67): CodeIgniter\CodeIgniter->run()
10 SYSTEMPATH\Commands\Server\rewrite.php(43): require_once('FCPATH\\index.php')
CRITICAL - 2024-07-08 21:54:52 --> Trying to access array offset on value of type null
in APPPATH\Views\komik\detail.php on line 6.
 1 APPPATH\Views\komik\detail.php(6): CodeIgniter\Debug\Exceptions->errorHandler(8, 'Trying to access array offset on value of type null', 'APPPATH\\Views\\komik\\detail.php', 6, [...])
 2 SYSTEMPATH\View\View.php(213): include('APPPATH\\Views\\komik\\detail.php')
 3 SYSTEMPATH\View\View.php(216): CodeIgniter\View\View->CodeIgniter\View\{closure}()
 4 SYSTEMPATH\Common.php(1142): CodeIgniter\View\View->render('komik/detail', [], true)
 5 APPPATH\Controllers\komik.php(46): view('komik/detail', [...])
 6 SYSTEMPATH\CodeIgniter.php(904): App\Controllers\Komik->detail('tambah')
 7 SYSTEMPATH\CodeIgniter.php(457): CodeIgniter\CodeIgniter->runController(Object(App\Controllers\Komik))
 8 SYSTEMPATH\CodeIgniter.php(340): CodeIgniter\CodeIgniter->handleRequest(null, Object(Config\Cache), false)
 9 FCPATH\index.php(67): CodeIgniter\CodeIgniter->run()
10 SYSTEMPATH\Commands\Server\rewrite.php(43): require_once('FCPATH\\index.php')
CRITICAL - 2024-07-08 21:54:58 --> Trying to access array offset on value of type null
in APPPATH\Views\komik\detail.php on line 6.
 1 APPPATH\Views\komik\detail.php(6): CodeIgniter\Debug\Exceptions->errorHandler(8, 'Trying to access array offset on value of type null', 'APPPATH\\Views\\komik\\detail.php', 6, [...])
 2 SYSTEMPATH\View\View.php(213): include('APPPATH\\Views\\komik\\detail.php')
 3 SYSTEMPATH\View\View.php(216): CodeIgniter\View\View->CodeIgniter\View\{closure}()
 4 SYSTEMPATH\Common.php(1142): CodeIgniter\View\View->render('komik/detail', [], true)
 5 APPPATH\Controllers\komik.php(46): view('komik/detail', [...])
 6 SYSTEMPATH\CodeIgniter.php(904): App\Controllers\Komik->detail('tambah')
 7 SYSTEMPATH\CodeIgniter.php(457): CodeIgniter\CodeIgniter->runController(Object(App\Controllers\Komik))
 8 SYSTEMPATH\CodeIgniter.php(340): CodeIgniter\CodeIgniter->handleRequest(null, Object(Config\Cache), false)
 9 FCPATH\index.php(67): CodeIgniter\CodeIgniter->run()
10 SYSTEMPATH\Commands\Server\rewrite.php(43): require_once('FCPATH\\index.php')
CRITICAL - 2024-07-08 21:54:59 --> Trying to access array offset on value of type null
in APPPATH\Views\komik\detail.php on line 6.
 1 APPPATH\Views\komik\detail.php(6): CodeIgniter\Debug\Exceptions->errorHandler(8, 'Trying to access array offset on value of type null', 'APPPATH\\Views\\komik\\detail.php', 6, [...])
 2 SYSTEMPATH\View\View.php(213): include('APPPATH\\Views\\komik\\detail.php')
 3 SYSTEMPATH\View\View.php(216): CodeIgniter\View\View->CodeIgniter\View\{closure}()
 4 SYSTEMPATH\Common.php(1142): CodeIgniter\View\View->render('komik/detail', [], true)
 5 APPPATH\Controllers\komik.php(46): view('komik/detail', [...])
 6 SYSTEMPATH\CodeIgniter.php(904): App\Controllers\Komik->detail('tambah')
 7 SYSTEMPATH\CodeIgniter.php(457): CodeIgniter\CodeIgniter->runController(Object(App\Controllers\Komik))
 8 SYSTEMPATH\CodeIgniter.php(340): CodeIgniter\CodeIgniter->handleRequest(null, Object(Config\Cache), false)
 9 FCPATH\index.php(67): CodeIgniter\CodeIgniter->run()
10 SYSTEMPATH\Commands\Server\rewrite.php(43): require_once('FCPATH\\index.php')
CRITICAL - 2024-07-08 21:55:02 --> Trying to access array offset on value of type null
in APPPATH\Views\komik\detail.php on line 6.
 1 APPPATH\Views\komik\detail.php(6): CodeIgniter\Debug\Exceptions->errorHandler(8, 'Trying to access array offset on value of type null', 'APPPATH\\Views\\komik\\detail.php', 6, [...])
 2 SYSTEMPATH\View\View.php(213): include('APPPATH\\Views\\komik\\detail.php')
 3 SYSTEMPATH\View\View.php(216): CodeIgniter\View\View->CodeIgniter\View\{closure}()
 4 SYSTEMPATH\Common.php(1142): CodeIgniter\View\View->render('komik/detail', [], true)
 5 APPPATH\Controllers\komik.php(46): view('komik/detail', [...])
 6 SYSTEMPATH\CodeIgniter.php(904): App\Controllers\Komik->detail('tambah')
 7 SYSTEMPATH\CodeIgniter.php(457): CodeIgniter\CodeIgniter->runController(Object(App\Controllers\Komik))
 8 SYSTEMPATH\CodeIgniter.php(340): CodeIgniter\CodeIgniter->handleRequest(null, Object(Config\Cache), false)
 9 FCPATH\index.php(67): CodeIgniter\CodeIgniter->run()
10 SYSTEMPATH\Commands\Server\rewrite.php(43): require_once('FCPATH\\index.php')
CRITICAL - 2024-07-08 21:55:17 --> Trying to access array offset on value of type null
in APPPATH\Views\komik\detail.php on line 6.
 1 APPPATH\Views\komik\detail.php(6): CodeIgniter\Debug\Exceptions->errorHandler(8, 'Trying to access array offset on value of type null', 'APPPATH\\Views\\komik\\detail.php', 6, [...])
 2 SYSTEMPATH\View\View.php(213): include('APPPATH\\Views\\komik\\detail.php')
 3 SYSTEMPATH\View\View.php(216): CodeIgniter\View\View->CodeIgniter\View\{closure}()
 4 SYSTEMPATH\Common.php(1142): CodeIgniter\View\View->render('komik/detail', [], true)
 5 APPPATH\Controllers\komik.php(46): view('komik/detail', [...])
 6 SYSTEMPATH\CodeIgniter.php(904): App\Controllers\Komik->detail('tambah')
 7 SYSTEMPATH\CodeIgniter.php(457): CodeIgniter\CodeIgniter->runController(Object(App\Controllers\Komik))
 8 SYSTEMPATH\CodeIgniter.php(340): CodeIgniter\CodeIgniter->handleRequest(null, Object(Config\Cache), false)
 9 FCPATH\index.php(67): CodeIgniter\CodeIgniter->run()
10 SYSTEMPATH\Commands\Server\rewrite.php(43): require_once('FCPATH\\index.php')
CRITICAL - 2024-07-08 21:55:18 --> Trying to access array offset on value of type null
in APPPATH\Views\komik\detail.php on line 6.
 1 APPPATH\Views\komik\detail.php(6): CodeIgniter\Debug\Exceptions->errorHandler(8, 'Trying to access array offset on value of type null', 'APPPATH\\Views\\komik\\detail.php', 6, [...])
 2 SYSTEMPATH\View\View.php(213): include('APPPATH\\Views\\komik\\detail.php')
 3 SYSTEMPATH\View\View.php(216): CodeIgniter\View\View->CodeIgniter\View\{closure}()
 4 SYSTEMPATH\Common.php(1142): CodeIgniter\View\View->render('komik/detail', [], true)
 5 APPPATH\Controllers\komik.php(46): view('komik/detail', [...])
 6 SYSTEMPATH\CodeIgniter.php(904): App\Controllers\Komik->detail('tambah')
 7 SYSTEMPATH\CodeIgniter.php(457): CodeIgniter\CodeIgniter->runController(Object(App\Controllers\Komik))
 8 SYSTEMPATH\CodeIgniter.php(340): CodeIgniter\CodeIgniter->handleRequest(null, Object(Config\Cache), false)
 9 FCPATH\index.php(67): CodeIgniter\CodeIgniter->run()
10 SYSTEMPATH\Commands\Server\rewrite.php(43): require_once('FCPATH\\index.php')
CRITICAL - 2024-07-08 21:55:20 --> Trying to access array offset on value of type null
in APPPATH\Views\komik\detail.php on line 6.
 1 APPPATH\Views\komik\detail.php(6): CodeIgniter\Debug\Exceptions->errorHandler(8, 'Trying to access array offset on value of type null', 'APPPATH\\Views\\komik\\detail.php', 6, [...])
 2 SYSTEMPATH\View\View.php(213): include('APPPATH\\Views\\komik\\detail.php')
 3 SYSTEMPATH\View\View.php(216): CodeIgniter\View\View->CodeIgniter\View\{closure}()
 4 SYSTEMPATH\Common.php(1142): CodeIgniter\View\View->render('komik/detail', [], true)
 5 APPPATH\Controllers\komik.php(46): view('komik/detail', [...])
 6 SYSTEMPATH\CodeIgniter.php(904): App\Controllers\Komik->detail('adddata')
 7 SYSTEMPATH\CodeIgniter.php(457): CodeIgniter\CodeIgniter->runController(Object(App\Controllers\Komik))
 8 SYSTEMPATH\CodeIgniter.php(340): CodeIgniter\CodeIgniter->handleRequest(null, Object(Config\Cache), false)
 9 FCPATH\index.php(67): CodeIgniter\CodeIgniter->run()
10 SYSTEMPATH\Commands\Server\rewrite.php(43): require_once('FCPATH\\index.php')
CRITICAL - 2024-07-08 21:56:01 --> Trying to access array offset on value of type null
in APPPATH\Views\komik\detail.php on line 6.
 1 APPPATH\Views\komik\detail.php(6): CodeIgniter\Debug\Exceptions->errorHandler(8, 'Trying to access array offset on value of type null', 'APPPATH\\Views\\komik\\detail.php', 6, [...])
 2 SYSTEMPATH\View\View.php(213): include('APPPATH\\Views\\komik\\detail.php')
 3 SYSTEMPATH\View\View.php(216): CodeIgniter\View\View->CodeIgniter\View\{closure}()
 4 SYSTEMPATH\Common.php(1142): CodeIgniter\View\View->render('komik/detail', [], true)
 5 APPPATH\Controllers\komik.php(46): view('komik/detail', [...])
 6 SYSTEMPATH\CodeIgniter.php(904): App\Controllers\Komik->detail('adddata')
 7 SYSTEMPATH\CodeIgniter.php(457): CodeIgniter\CodeIgniter->runController(Object(App\Controllers\Komik))
 8 SYSTEMPATH\CodeIgniter.php(340): CodeIgniter\CodeIgniter->handleRequest(null, Object(Config\Cache), false)
 9 FCPATH\index.php(67): CodeIgniter\CodeIgniter->run()
10 SYSTEMPATH\Commands\Server\rewrite.php(43): require_once('FCPATH\\index.php')
CRITICAL - 2024-07-08 21:56:28 --> Trying to access array offset on value of type null
in APPPATH\Views\komik\detail.php on line 6.
 1 APPPATH\Views\komik\detail.php(6): CodeIgniter\Debug\Exceptions->errorHandler(8, 'Trying to access array offset on value of type null', 'APPPATH\\Views\\komik\\detail.php', 6, [...])
 2 SYSTEMPATH\View\View.php(213): include('APPPATH\\Views\\komik\\detail.php')
 3 SYSTEMPATH\View\View.php(216): CodeIgniter\View\View->CodeIgniter\View\{closure}()
 4 SYSTEMPATH\Common.php(1142): CodeIgniter\View\View->render('komik/detail', [], true)
 5 APPPATH\Controllers\komik.php(46): view('komik/detail', [...])
 6 SYSTEMPATH\CodeIgniter.php(904): App\Controllers\Komik->detail('adddata')
 7 SYSTEMPATH\CodeIgniter.php(457): CodeIgniter\CodeIgniter->runController(Object(App\Controllers\Komik))
 8 SYSTEMPATH\CodeIgniter.php(340): CodeIgniter\CodeIgniter->handleRequest(null, Object(Config\Cache), false)
 9 FCPATH\index.php(67): CodeIgniter\CodeIgniter->run()
10 SYSTEMPATH\Commands\Server\rewrite.php(43): require_once('FCPATH\\index.php')
CRITICAL - 2024-07-08 21:56:29 --> Trying to access array offset on value of type null
in APPPATH\Views\komik\detail.php on line 6.
 1 APPPATH\Views\komik\detail.php(6): CodeIgniter\Debug\Exceptions->errorHandler(8, 'Trying to access array offset on value of type null', 'APPPATH\\Views\\komik\\detail.php', 6, [...])
 2 SYSTEMPATH\View\View.php(213): include('APPPATH\\Views\\komik\\detail.php')
 3 SYSTEMPATH\View\View.php(216): CodeIgniter\View\View->CodeIgniter\View\{closure}()
 4 SYSTEMPATH\Common.php(1142): CodeIgniter\View\View->render('komik/detail', [], true)
 5 APPPATH\Controllers\komik.php(46): view('komik/detail', [...])
 6 SYSTEMPATH\CodeIgniter.php(904): App\Controllers\Komik->detail('adddata')
 7 SYSTEMPATH\CodeIgniter.php(457): CodeIgniter\CodeIgniter->runController(Object(App\Controllers\Komik))
 8 SYSTEMPATH\CodeIgniter.php(340): CodeIgniter\CodeIgniter->handleRequest(null, Object(Config\Cache), false)
 9 FCPATH\index.php(67): CodeIgniter\CodeIgniter->run()
10 SYSTEMPATH\Commands\Server\rewrite.php(43): require_once('FCPATH\\index.php')
CRITICAL - 2024-07-08 21:56:29 --> Trying to access array offset on value of type null
in APPPATH\Views\komik\detail.php on line 6.
 1 APPPATH\Views\komik\detail.php(6): CodeIgniter\Debug\Exceptions->errorHandler(8, 'Trying to access array offset on value of type null', 'APPPATH\\Views\\komik\\detail.php', 6, [...])
 2 SYSTEMPATH\View\View.php(213): include('APPPATH\\Views\\komik\\detail.php')
 3 SYSTEMPATH\View\View.php(216): CodeIgniter\View\View->CodeIgniter\View\{closure}()
 4 SYSTEMPATH\Common.php(1142): CodeIgniter\View\View->render('komik/detail', [], true)
 5 APPPATH\Controllers\komik.php(46): view('komik/detail', [...])
 6 SYSTEMPATH\CodeIgniter.php(904): App\Controllers\Komik->detail('adddata')
 7 SYSTEMPATH\CodeIgniter.php(457): CodeIgniter\CodeIgniter->runController(Object(App\Controllers\Komik))
 8 SYSTEMPATH\CodeIgniter.php(340): CodeIgniter\CodeIgniter->handleRequest(null, Object(Config\Cache), false)
 9 FCPATH\index.php(67): CodeIgniter\CodeIgniter->run()
10 SYSTEMPATH\Commands\Server\rewrite.php(43): require_once('FCPATH\\index.php')
CRITICAL - 2024-07-08 21:57:12 --> Trying to access array offset on value of type null
in APPPATH\Views\komik\detail.php on line 6.
 1 APPPATH\Views\komik\detail.php(6): CodeIgniter\Debug\Exceptions->errorHandler(8, 'Trying to access array offset on value of type null', 'APPPATH\\Views\\komik\\detail.php', 6, [...])
 2 SYSTEMPATH\View\View.php(213): include('APPPATH\\Views\\komik\\detail.php')
 3 SYSTEMPATH\View\View.php(216): CodeIgniter\View\View->CodeIgniter\View\{closure}()
 4 SYSTEMPATH\Common.php(1142): CodeIgniter\View\View->render('komik/detail', [], true)
 5 APPPATH\Controllers\komik.php(46): view('komik/detail', [...])
 6 SYSTEMPATH\CodeIgniter.php(904): App\Controllers\Komik->detail('adddata')
 7 SYSTEMPATH\CodeIgniter.php(457): CodeIgniter\CodeIgniter->runController(Object(App\Controllers\Komik))
 8 SYSTEMPATH\CodeIgniter.php(340): CodeIgniter\CodeIgniter->handleRequest(null, Object(Config\Cache), false)
 9 FCPATH\index.php(67): CodeIgniter\CodeIgniter->run()
10 SYSTEMPATH\Commands\Server\rewrite.php(43): require_once('FCPATH\\index.php')
CRITICAL - 2024-07-08 21:57:51 --> Trying to access array offset on value of type null
in APPPATH\Views\komik\detail.php on line 6.
 1 APPPATH\Views\komik\detail.php(6): CodeIgniter\Debug\Exceptions->errorHandler(8, 'Trying to access array offset on value of type null', 'APPPATH\\Views\\komik\\detail.php', 6, [...])
 2 SYSTEMPATH\View\View.php(213): include('APPPATH\\Views\\komik\\detail.php')
 3 SYSTEMPATH\View\View.php(216): CodeIgniter\View\View->CodeIgniter\View\{closure}()
 4 SYSTEMPATH\Common.php(1142): CodeIgniter\View\View->render('komik/detail', [], true)
 5 APPPATH\Controllers\komik.php(46): view('komik/detail', [...])
 6 SYSTEMPATH\CodeIgniter.php(904): App\Controllers\Komik->detail('adddata')
 7 SYSTEMPATH\CodeIgniter.php(457): CodeIgniter\CodeIgniter->runController(Object(App\Controllers\Komik))
 8 SYSTEMPATH\CodeIgniter.php(340): CodeIgniter\CodeIgniter->handleRequest(null, Object(Config\Cache), false)
 9 FCPATH\index.php(67): CodeIgniter\CodeIgniter->run()
10 SYSTEMPATH\Commands\Server\rewrite.php(43): require_once('FCPATH\\index.php')
