CRITICAL - 2024-06-28 20:53:39 --> syntax error, unexpected 'echo' (T_ECHO)
in APPPATH\Controllers\pages.php on line 12.
 1 SYSTEMPATH\Router\Router.php(499): CodeIgniter\Router\AutoRouter->getRoute('pages/about')
 2 SYSTEMPATH\Router\Router.php(205): CodeIgniter\Router\Router->autoRoute('pages/about')
 3 SYSTEMPATH\CodeIgniter.php(779): CodeIgniter\Router\Router->handle('pages/about')
 4 SYSTEMPATH\CodeIgniter.php(406): CodeIgniter\CodeIgniter->tryToRouteIt(Object(CodeIgniter\Router\RouteCollection))
 5 SYSTEMPATH\CodeIgniter.php(340): CodeIgniter\CodeIgniter->handleRequest(null, Object(Config\Cache), false)
 6 FCPATH\index.php(67): CodeIgniter\CodeIgniter->run()
 7 SYSTEMPATH\Commands\Server\rewrite.php(43): require_once('FCPATH\\index.php')
CRITICAL - 2024-06-28 20:53:41 --> syntax error, unexpected 'echo' (T_ECHO)
in APPPATH\Controllers\pages.php on line 12.
 1 SYSTEMPATH\Router\Router.php(499): CodeIgniter\Router\AutoRouter->getRoute('pages')
 2 SYSTEMPATH\Router\Router.php(205): CodeIgniter\Router\Router->autoRoute('pages')
 3 SYSTEMPATH\CodeIgniter.php(779): CodeIgniter\Router\Router->handle('pages')
 4 SYSTEMPATH\CodeIgniter.php(406): CodeIgniter\CodeIgniter->tryToRouteIt(Object(CodeIgniter\Router\RouteCollection))
 5 SYSTEMPATH\CodeIgniter.php(340): CodeIgniter\CodeIgniter->handleRequest(null, Object(Config\Cache), false)
 6 FCPATH\index.php(67): CodeIgniter\CodeIgniter->run()
 7 SYSTEMPATH\Commands\Server\rewrite.php(43): require_once('FCPATH\\index.php')
CRITICAL - 2024-06-28 20:53:42 --> syntax error, unexpected 'echo' (T_ECHO)
in APPPATH\Controllers\pages.php on line 12.
 1 SYSTEMPATH\Router\Router.php(499): CodeIgniter\Router\AutoRouter->getRoute('pages')
 2 SYSTEMPATH\Router\Router.php(205): CodeIgniter\Router\Router->autoRoute('pages')
 3 SYSTEMPATH\CodeIgniter.php(779): CodeIgniter\Router\Router->handle('pages')
 4 SYSTEMPATH\CodeIgniter.php(406): CodeIgniter\CodeIgniter->tryToRouteIt(Object(CodeIgniter\Router\RouteCollection))
 5 SYSTEMPATH\CodeIgniter.php(340): CodeIgniter\CodeIgniter->handleRequest(null, Object(Config\Cache), false)
 6 FCPATH\index.php(67): CodeIgniter\CodeIgniter->run()
 7 SYSTEMPATH\Commands\Server\rewrite.php(43): require_once('FCPATH\\index.php')
CRITICAL - 2024-06-28 20:53:43 --> syntax error, unexpected 'echo' (T_ECHO)
in APPPATH\Controllers\pages.php on line 12.
 1 SYSTEMPATH\Router\Router.php(499): CodeIgniter\Router\AutoRouter->getRoute('pages')
 2 SYSTEMPATH\Router\Router.php(205): CodeIgniter\Router\Router->autoRoute('pages')
 3 SYSTEMPATH\CodeIgniter.php(779): CodeIgniter\Router\Router->handle('pages')
 4 SYSTEMPATH\CodeIgniter.php(406): CodeIgniter\CodeIgniter->tryToRouteIt(Object(CodeIgniter\Router\RouteCollection))
 5 SYSTEMPATH\CodeIgniter.php(340): CodeIgniter\CodeIgniter->handleRequest(null, Object(Config\Cache), false)
 6 FCPATH\index.php(67): CodeIgniter\CodeIgniter->run()
 7 SYSTEMPATH\Commands\Server\rewrite.php(43): require_once('FCPATH\\index.php')
CRITICAL - 2024-06-28 20:53:43 --> syntax error, unexpected 'echo' (T_ECHO)
in APPPATH\Controllers\pages.php on line 12.
 1 SYSTEMPATH\Router\Router.php(499): CodeIgniter\Router\AutoRouter->getRoute('pages')
 2 SYSTEMPATH\Router\Router.php(205): CodeIgniter\Router\Router->autoRoute('pages')
 3 SYSTEMPATH\CodeIgniter.php(779): CodeIgniter\Router\Router->handle('pages')
 4 SYSTEMPATH\CodeIgniter.php(406): CodeIgniter\CodeIgniter->tryToRouteIt(Object(CodeIgniter\Router\RouteCollection))
 5 SYSTEMPATH\CodeIgniter.php(340): CodeIgniter\CodeIgniter->handleRequest(null, Object(Config\Cache), false)
 6 FCPATH\index.php(67): CodeIgniter\CodeIgniter->run()
 7 SYSTEMPATH\Commands\Server\rewrite.php(43): require_once('FCPATH\\index.php')
CRITICAL - 2024-06-28 20:53:43 --> syntax error, unexpected 'echo' (T_ECHO)
in APPPATH\Controllers\pages.php on line 12.
 1 SYSTEMPATH\Router\Router.php(499): CodeIgniter\Router\AutoRouter->getRoute('pages')
 2 SYSTEMPATH\Router\Router.php(205): CodeIgniter\Router\Router->autoRoute('pages')
 3 SYSTEMPATH\CodeIgniter.php(779): CodeIgniter\Router\Router->handle('pages')
 4 SYSTEMPATH\CodeIgniter.php(406): CodeIgniter\CodeIgniter->tryToRouteIt(Object(CodeIgniter\Router\RouteCollection))
 5 SYSTEMPATH\CodeIgniter.php(340): CodeIgniter\CodeIgniter->handleRequest(null, Object(Config\Cache), false)
 6 FCPATH\index.php(67): CodeIgniter\CodeIgniter->run()
 7 SYSTEMPATH\Commands\Server\rewrite.php(43): require_once('FCPATH\\index.php')
CRITICAL - 2024-06-28 20:53:43 --> syntax error, unexpected 'echo' (T_ECHO)
in APPPATH\Controllers\pages.php on line 12.
 1 SYSTEMPATH\Router\Router.php(499): CodeIgniter\Router\AutoRouter->getRoute('pages')
 2 SYSTEMPATH\Router\Router.php(205): CodeIgniter\Router\Router->autoRoute('pages')
 3 SYSTEMPATH\CodeIgniter.php(779): CodeIgniter\Router\Router->handle('pages')
 4 SYSTEMPATH\CodeIgniter.php(406): CodeIgniter\CodeIgniter->tryToRouteIt(Object(CodeIgniter\Router\RouteCollection))
 5 SYSTEMPATH\CodeIgniter.php(340): CodeIgniter\CodeIgniter->handleRequest(null, Object(Config\Cache), false)
 6 FCPATH\index.php(67): CodeIgniter\CodeIgniter->run()
 7 SYSTEMPATH\Commands\Server\rewrite.php(43): require_once('FCPATH\\index.php')
CRITICAL - 2024-06-28 20:53:43 --> syntax error, unexpected 'echo' (T_ECHO)
in APPPATH\Controllers\pages.php on line 12.
 1 SYSTEMPATH\Router\Router.php(499): CodeIgniter\Router\AutoRouter->getRoute('pages')
 2 SYSTEMPATH\Router\Router.php(205): CodeIgniter\Router\Router->autoRoute('pages')
 3 SYSTEMPATH\CodeIgniter.php(779): CodeIgniter\Router\Router->handle('pages')
 4 SYSTEMPATH\CodeIgniter.php(406): CodeIgniter\CodeIgniter->tryToRouteIt(Object(CodeIgniter\Router\RouteCollection))
 5 SYSTEMPATH\CodeIgniter.php(340): CodeIgniter\CodeIgniter->handleRequest(null, Object(Config\Cache), false)
 6 FCPATH\index.php(67): CodeIgniter\CodeIgniter->run()
 7 SYSTEMPATH\Commands\Server\rewrite.php(43): require_once('FCPATH\\index.php')
CRITICAL - 2024-06-28 20:53:44 --> syntax error, unexpected 'echo' (T_ECHO)
in APPPATH\Controllers\pages.php on line 12.
 1 SYSTEMPATH\Router\Router.php(499): CodeIgniter\Router\AutoRouter->getRoute('pages')
 2 SYSTEMPATH\Router\Router.php(205): CodeIgniter\Router\Router->autoRoute('pages')
 3 SYSTEMPATH\CodeIgniter.php(779): CodeIgniter\Router\Router->handle('pages')
 4 SYSTEMPATH\CodeIgniter.php(406): CodeIgniter\CodeIgniter->tryToRouteIt(Object(CodeIgniter\Router\RouteCollection))
 5 SYSTEMPATH\CodeIgniter.php(340): CodeIgniter\CodeIgniter->handleRequest(null, Object(Config\Cache), false)
 6 FCPATH\index.php(67): CodeIgniter\CodeIgniter->run()
 7 SYSTEMPATH\Commands\Server\rewrite.php(43): require_once('FCPATH\\index.php')
CRITICAL - 2024-06-28 20:54:57 --> syntax error, unexpected '$about' (T_VARIABLE), expecting ')'
in APPPATH\Controllers\pages.php on line 25.
 1 SYSTEMPATH\Router\Router.php(499): CodeIgniter\Router\AutoRouter->getRoute('pages/about')
 2 SYSTEMPATH\Router\Router.php(205): CodeIgniter\Router\Router->autoRoute('pages/about')
 3 SYSTEMPATH\CodeIgniter.php(779): CodeIgniter\Router\Router->handle('pages/about')
 4 SYSTEMPATH\CodeIgniter.php(406): CodeIgniter\CodeIgniter->tryToRouteIt(Object(CodeIgniter\Router\RouteCollection))
 5 SYSTEMPATH\CodeIgniter.php(340): CodeIgniter\CodeIgniter->handleRequest(null, Object(Config\Cache), false)
 6 FCPATH\index.php(67): CodeIgniter\CodeIgniter->run()
 7 SYSTEMPATH\Commands\Server\rewrite.php(43): require_once('FCPATH\\index.php')
CRITICAL - 2024-06-28 20:55:07 --> Argument 2 passed to view() must be of the type array, null given, called in C:\xampp\htdocs\ci4\app\Controllers\pages.php on line 25
in SYSTEMPATH\Common.php on line 1128.
 1 APPPATH\Controllers\pages.php(25): view('layout/v_header', null)
 2 SYSTEMPATH\CodeIgniter.php(904): App\Controllers\pages->about()
 3 SYSTEMPATH\CodeIgniter.php(457): CodeIgniter\CodeIgniter->runController(Object(App\Controllers\pages))
 4 SYSTEMPATH\CodeIgniter.php(340): CodeIgniter\CodeIgniter->handleRequest(null, Object(Config\Cache), false)
 5 FCPATH\index.php(67): CodeIgniter\CodeIgniter->run()
 6 SYSTEMPATH\Commands\Server\rewrite.php(43): require_once('FCPATH\\index.php')
CRITICAL - 2024-06-28 20:55:09 --> Argument 2 passed to view() must be of the type array, null given, called in C:\xampp\htdocs\ci4\app\Controllers\pages.php on line 25
in SYSTEMPATH\Common.php on line 1128.
 1 APPPATH\Controllers\pages.php(25): view('layout/v_header', null)
 2 SYSTEMPATH\CodeIgniter.php(904): App\Controllers\pages->about()
 3 SYSTEMPATH\CodeIgniter.php(457): CodeIgniter\CodeIgniter->runController(Object(App\Controllers\pages))
 4 SYSTEMPATH\CodeIgniter.php(340): CodeIgniter\CodeIgniter->handleRequest(null, Object(Config\Cache), false)
 5 FCPATH\index.php(67): CodeIgniter\CodeIgniter->run()
 6 SYSTEMPATH\Commands\Server\rewrite.php(43): require_once('FCPATH\\index.php')
CRITICAL - 2024-06-28 20:55:09 --> Argument 2 passed to view() must be of the type array, null given, called in C:\xampp\htdocs\ci4\app\Controllers\pages.php on line 25
in SYSTEMPATH\Common.php on line 1128.
 1 APPPATH\Controllers\pages.php(25): view('layout/v_header', null)
 2 SYSTEMPATH\CodeIgniter.php(904): App\Controllers\pages->about()
 3 SYSTEMPATH\CodeIgniter.php(457): CodeIgniter\CodeIgniter->runController(Object(App\Controllers\pages))
 4 SYSTEMPATH\CodeIgniter.php(340): CodeIgniter\CodeIgniter->handleRequest(null, Object(Config\Cache), false)
 5 FCPATH\index.php(67): CodeIgniter\CodeIgniter->run()
 6 SYSTEMPATH\Commands\Server\rewrite.php(43): require_once('FCPATH\\index.php')
CRITICAL - 2024-06-28 20:55:09 --> Argument 2 passed to view() must be of the type array, null given, called in C:\xampp\htdocs\ci4\app\Controllers\pages.php on line 25
in SYSTEMPATH\Common.php on line 1128.
 1 APPPATH\Controllers\pages.php(25): view('layout/v_header', null)
 2 SYSTEMPATH\CodeIgniter.php(904): App\Controllers\pages->about()
 3 SYSTEMPATH\CodeIgniter.php(457): CodeIgniter\CodeIgniter->runController(Object(App\Controllers\pages))
 4 SYSTEMPATH\CodeIgniter.php(340): CodeIgniter\CodeIgniter->handleRequest(null, Object(Config\Cache), false)
 5 FCPATH\index.php(67): CodeIgniter\CodeIgniter->run()
 6 SYSTEMPATH\Commands\Server\rewrite.php(43): require_once('FCPATH\\index.php')
CRITICAL - 2024-06-28 20:55:10 --> Argument 2 passed to view() must be of the type array, null given, called in C:\xampp\htdocs\ci4\app\Controllers\pages.php on line 25
in SYSTEMPATH\Common.php on line 1128.
 1 APPPATH\Controllers\pages.php(25): view('layout/v_header', null)
 2 SYSTEMPATH\CodeIgniter.php(904): App\Controllers\pages->about()
 3 SYSTEMPATH\CodeIgniter.php(457): CodeIgniter\CodeIgniter->runController(Object(App\Controllers\pages))
 4 SYSTEMPATH\CodeIgniter.php(340): CodeIgniter\CodeIgniter->handleRequest(null, Object(Config\Cache), false)
 5 FCPATH\index.php(67): CodeIgniter\CodeIgniter->run()
 6 SYSTEMPATH\Commands\Server\rewrite.php(43): require_once('FCPATH\\index.php')
CRITICAL - 2024-06-28 20:55:10 --> Argument 2 passed to view() must be of the type array, null given, called in C:\xampp\htdocs\ci4\app\Controllers\pages.php on line 25
in SYSTEMPATH\Common.php on line 1128.
 1 APPPATH\Controllers\pages.php(25): view('layout/v_header', null)
 2 SYSTEMPATH\CodeIgniter.php(904): App\Controllers\pages->about()
 3 SYSTEMPATH\CodeIgniter.php(457): CodeIgniter\CodeIgniter->runController(Object(App\Controllers\pages))
 4 SYSTEMPATH\CodeIgniter.php(340): CodeIgniter\CodeIgniter->handleRequest(null, Object(Config\Cache), false)
 5 FCPATH\index.php(67): CodeIgniter\CodeIgniter->run()
 6 SYSTEMPATH\Commands\Server\rewrite.php(43): require_once('FCPATH\\index.php')
CRITICAL - 2024-06-28 20:55:10 --> Argument 2 passed to view() must be of the type array, null given, called in C:\xampp\htdocs\ci4\app\Controllers\pages.php on line 25
in SYSTEMPATH\Common.php on line 1128.
 1 APPPATH\Controllers\pages.php(25): view('layout/v_header', null)
 2 SYSTEMPATH\CodeIgniter.php(904): App\Controllers\pages->about()
 3 SYSTEMPATH\CodeIgniter.php(457): CodeIgniter\CodeIgniter->runController(Object(App\Controllers\pages))
 4 SYSTEMPATH\CodeIgniter.php(340): CodeIgniter\CodeIgniter->handleRequest(null, Object(Config\Cache), false)
 5 FCPATH\index.php(67): CodeIgniter\CodeIgniter->run()
 6 SYSTEMPATH\Commands\Server\rewrite.php(43): require_once('FCPATH\\index.php')
